Training 0
tensor([[105658,   1255,    156,     23,    403,     49,   2893,   1051,     52],
        [   692,   7179,    169,     50,    120,      7,    150,    140,     54],
        [    53,     79,    280,      3,      3,      0,      4,      3,      7],
        [     0,      0,      0,      0,      0,      0,      0,      0,      0],
        [    33,     30,      1,      0,    141,      0,      7,      1,      0],
        [     0,      0,      0,      0,      0,      0,      0,      0,      0],
        [  1323,    121,     13,      8,     50,     19,   4939,    323,      8],
        [    79,     15,      1,      2,     10,      2,     53,    340,      0],
        [     0,      0,      0,      0,      0,      0,      0,      0,      0]],
       dtype=torch.int32)
[('', 0.9632505774497986), ('.', 0.832830548286438), ('?', 0.5323193669319153), ('!', nan), (':', 0.29999998211860657), (';', nan), (',', 0.6651852130889893), ('-', 0.2881355881690979), ('...', nan)]
Validation 0
tensor([[26861,   209,    49,    14,    77,     5,   604,   202,    11],
        [  153,  2004,    61,    17,    35,     2,    26,    22,    17],
        [    4,     9,    67,     1,     0,     0,     2,     0,     1],
        [    0,     0,     0,     0,     0,     0,     0,     0,     0],
        [   10,    13,     2,     0,    75,     1,     2,     4,     0],
        [    0,     0,     0,     0,     0,     0,     0,     0,     0],
        [  330,    25,     6,     0,    14,     5,  1439,    85,     3],
        [   12,     3,     2,     1,     1,     1,    11,   130,     2],
        [    0,     0,     0,     0,     0,     0,     0,     0,     0]],
       dtype=torch.int32)
[('', 0.9696761965751648), ('.', 0.8713043332099915), ('?', 0.4944649338722229), ('!', nan), (':', 0.48543691635131836), (';', nan), (',', 0.7211225628852844), ('-', 0.42904290556907654), ('...', nan)]
Training 1
tensor([[106381,    463,     82,     25,    261,     30,   1589,    586,     44],
        [   319,   8028,     91,     42,     84,      9,     69,     85,     53],
        [    37,     45,    431,      9,      4,      1,      4,      8,     10],
        [     0,      0,      0,      0,      0,      0,      0,      0,      0],
        [    46,     29,      4,      0,    313,      2,     11,     18,      0],
        [     0,      0,      0,      0,      0,      0,      0,      0,      0],
        [   971,     77,      7,      8,     48,     31,   6292,    343,     12],
        [    84,     37,      5,      2,     17,      4,     81,    818,      1],
        [     0,      0,      0,      0,      0,      0,      0,      0,      1]],
       dtype=torch.int32)
[('', 0.9791209101676941), ('.', 0.9196403622627258), ('?', 0.7373823523521423), ('!', nan), (':', 0.5443478226661682), (';', nan), (',', 0.794695258140564), ('-', 0.5627794861793518), ('...', 0.016393441706895828)]
Validation 1
tensor([[26655,   134,    32,     8,    44,     4,   487,   130,    11],
        [  117,  1980,    23,    15,    25,     0,    23,    19,    12],
        [   29,    57,   121,     7,     3,     0,     5,     1,     4],
        [    0,     0,     0,     0,     0,     0,     0,     0,     0],
        [   43,    38,     3,     1,   111,     1,    16,     8,     1],
        [    0,     0,     0,     0,     0,     0,     0,     0,     0],
        [  463,    32,     5,     1,    15,     9,  1518,    98,     6],
        [   63,    22,     3,     1,     4,     0,    35,   187,     0],
        [    0,     0,     0,     0,     0,     0,     0,     0,     0]],
       dtype=torch.int32)
[('', 0.9714806079864502), ('.', 0.8845208287239075), ('?', 0.5845410227775574), ('!', nan), (':', 0.5235848426818848), (';', nan), (',', 0.7175608277320862), ('-', 0.49340370297431946), ('...', nan)]
Training 2
tensor([[106835,    244,     48,     23,    131,     16,    902,    303,     35],
        [   165,   8295,     45,     36,     54,      8,     32,     66,     58],
        [    17,     30,    515,     10,      5,      1,      5,      9,     12],
        [     0,      4,      0,      5,      2,      0,      0,      0,      0],
        [    43,     25,      1,      2,    470,      1,     18,     28,      1],
        [     0,      0,      1,      0,      0,     17,      0,      0,      0],
        [   698,     45,      4,      7,     36,     26,   6983,    288,      7],
        [    80,     36,      6,      3,     29,      8,    105,   1164,      6],
        [     0,      0,      0,      0,      0,      0,      1,      0,      2]],
       dtype=torch.int32)
[('', 0.9874985218048096), ('.', 0.9513705372810364), ('?', 0.8415032625198364), ('!', 0.10309278219938278), (':', 0.7142857313156128), (';', 0.35789474844932556), (',', 0.8653035163879395), ('-', 0.7065250277519226), ('...', 0.032258063554763794)]
Validation 2
tensor([[26936,   218,    45,    15,    61,     7,   663,   162,    12],
        [   94,  1936,    20,    12,    29,     0,    18,     7,    10],
        [   20,    41,   113,     3,     2,     0,     5,     0,     4],
        [    1,     2,     0,     1,     0,     0,     1,     0,     1],
        [   19,    21,     3,     1,    94,     1,     6,     2,     0],
        [    0,     0,     0,     0,     0,     0,     0,     0,     0],
        [  252,    21,     3,     0,    11,     5,  1340,    68,     3],
        [   47,    22,     3,     1,     5,     1,    51,   204,     2],
        [    1,     2,     0,     0,     0,     0,     0,     0,     2]],
       dtype=torch.int32)
[('', 0.9708590507507324), ('.', 0.8822054266929626), ('?', 0.6026666760444641), ('!', 0.05128205567598343), (':', 0.5386819839477539), (';', nan), (',', 0.7076841592788696), ('-', 0.5237483978271484), ('...', 0.10256410390138626)]
Training 3
tensor([[107251,    147,     23,     20,     90,      9,    425,    162,     30],
        [   102,   8451,     28,     25,     38,      4,     26,     41,     42],
        [     7,     22,    557,      9,      4,      1,      2,      6,     10],
        [     0,      1,      0,     20,      1,      0,      0,      0,      1],
        [    32,     16,      2,      2,    552,      5,     11,     23,      0],
        [     0,      0,      0,      0,      1,     26,      0,      0,      0],
        [   384,     22,      3,      8,     22,     17,   7476,    213,      6],
        [    61,     19,      6,      1,     19,     14,    106,   1411,      7],
        [     1,      1,      1,      1,      0,      1,      0,      2,     25]],
       dtype=torch.int32)
[('', 0.9930878281593323), ('.', 0.9693736433982849), ('?', 0.899838387966156), ('!', 0.3669724464416504), (':', 0.805839478969574), (';', 0.5), (',', 0.923133909702301), ('-', 0.8058251738548279), ('...', 0.32679739594459534)]
Validation 3
tensor([[26876,   178,    41,    13,    48,     4,   635,   151,     8],
        [  116,  1997,    39,    14,    29,     0,    25,     9,    17],
        [   12,    20,    97,     2,     2,     0,     4,     1,     2],
        [    1,     1,     0,     2,     0,     0,     0,     0,     1],
        [   27,    21,     4,     1,   106,     0,     5,     5,     3],
        [    0,     0,     0,     0,     0,     0,     0,     0,     0],
        [  291,    25,     4,     0,    12,    10,  1370,    84,     3],
        [   47,    20,     2,     1,     5,     0,    45,   193,     0],
        [    0,     1,     0,     0,     0,     0,     0,     0,     0]],
       dtype=torch.int32)
[('', 0.9715855121612549), ('.', 0.8857839703559875), ('?', 0.5932721495628357), ('!', 0.10526315867900848), (':', 0.5668449401855469), (';', nan), (',', 0.7056400179862976), ('-', 0.5105820298194885), ('...', nan)]
Training 4
tensor([[107476,     83,     18,      8,     52,      8,    278,    106,     17],
        [    66,   8543,     23,     20,     22,      2,     11,     20,     31],
        [     3,     12,    568,     10,      4,      1,      2,      4,      9],
        [     3,      0,      0,     36,      1,      0,      0,      0,      1],
        [    17,     13,      2,      0,    620,      3,      9,     12,      4],
        [     2,      0,      0,      0,      1,     36,      0,      0,      0],
        [   232,     14,      3,      9,     11,     17,   7695,    140,      2],
        [    38,     11,      6,      2,     16,     10,     51,   1576,      3],
        [     1,      3,      0,      1,      0,      0,      0,      0,     54]],
       dtype=torch.int32)
[('', 0.9956828355789185), ('.', 0.9809955358505249), ('?', 0.9213301539421082), ('!', 0.5669291615486145), (':', 0.8813076615333557), (';', 0.6206896305084229), (',', 0.9518213272094727), ('-', 0.8826659321784973), ('...', 0.6000000238418579)]
Validation 4
tensor([[26812,   158,    41,    14,    50,     6,   542,   140,    11],
        [  110,  1992,    33,    10,    30,     0,    20,    11,    13],
        [   21,    21,    98,     3,     2,     0,     3,     0,     1],
        [    8,     5,     0,     3,     0,     0,     1,     0,     2],
        [   22,    18,     4,     0,   106,     1,    11,     6,     0],
        [    0,     0,     0,     0,     0,     0,     2,     0,     0],
        [  306,    28,     4,     1,     5,     6,  1433,    73,     1],
        [   88,    30,     6,     1,     9,     1,    71,   213,     4],
        [    3,    11,     1,     1,     0,     0,     1,     0,     2]],
       dtype=torch.int32)
[('', 0.9724357724189758), ('.', 0.888888955116272), ('?', 0.5833333730697632), ('!', 0.11538461595773697), (':', 0.5729729533195496), (';', nan), (',', 0.7272265553474426), ('-', 0.49191686511039734), ('...', 0.07547169923782349)]
Training 5
tensor([[107569,     70,      6,      7,     19,      8,    181,     62,     15],
        [    54,   8571,     12,     16,     13,      4,     11,     13,     10],
        [     6,      7,    595,      5,      0,      2,      1,      3,      7],
        [     1,      3,      0,     49,      0,      1,      0,      1,      3],
        [     5,      7,      1,      0,    677,      0,      2,      8,      5],
        [     2,      0,      0,      0,      1,     46,      2,      0,      0],
        [   160,     13,      2,      4,      6,      6,   7801,     81,      3],
        [    40,      5,      2,      4,     11,      9,     48,   1690,      3],
        [     1,      3,      2,      1,      0,      1,      0,      0,     75]],
       dtype=torch.int32)
[('', 0.9970479011535645), ('.', 0.9861359000205994), ('?', 0.9550561904907227), ('!', 0.680555522441864), (':', 0.9455307722091675), (';', 0.7187499403953552), (',', 0.9677459597587585), ('-', 0.9209809303283691), ('...', 0.7352941036224365)]
Validation 5
tensor([[26744,   156,    42,    11,    46,     4,   579,   134,    12],
        [  127,  2014,    31,    13,    27,     1,    29,    12,    11],
        [   19,    28,   103,     3,     1,     0,     6,     0,     2],
        [    4,     5,     0,     4,     0,     0,     1,     0,     2],
        [   42,    22,     5,     0,   110,     1,     9,     5,     0],
        [    0,     0,     0,     0,     0,     0,     1,     0,     0],
        [  331,    21,     3,     1,     7,     6,  1367,    57,     2],
        [  100,    16,     3,     1,    11,     1,    91,   235,     2],
        [    3,     1,     0,     0,     0,     1,     1,     0,     3]],
       dtype=torch.int32)
[('', 0.9707793593406677), ('.', 0.8895759582519531), ('?', 0.5902578830718994), ('!', 0.16326530277729034), (':', 0.555555522441864), (';', nan), (',', 0.7048208117485046), ('-', 0.5204872488975525), ('...', 0.13953489065170288)]
Training 6
tensor([[107683,     34,      8,      5,     14,      8,    112,     35,      8],
        [    26,   8624,      6,      4,     10,      3,      5,     14,     14],
        [     3,      2,    601,      5,      1,      0,      1,      1,      5],
        [     1,      0,      1,     65,      1,      0,      0,      0,      1],
        [     9,      6,      2,      0,    696,      0,      0,      4,      2],
        [     2,      0,      0,      0,      0,     57,      1,      0,      0],
        [    91,      8,      1,      3,      1,      5,   7898,     33,      0],
        [    22,      4,      1,      1,      4,      4,     29,   1770,      0],
        [     1,      1,      0,      3,      0,      0,      0,      1,     91]],
       dtype=torch.int32)
[('', 0.9982432723045349), ('.', 0.9921196103096008), ('?', 0.9701372981071472), ('!', 0.8387096524238586), (':', 0.9626556038856506), (';', 0.8321168422698975), (',', 0.9819718599319458), ('-', 0.9585703015327454), ('...', 0.8348623514175415)]
Validation 6
tensor([[26735,   157,    40,    10,    44,     5,   494,   133,     9],
        [  115,  1997,    33,    14,    24,     0,    18,     6,    13],
        [   13,    20,    96,     1,     2,     0,     3,     0,     2],
        [    4,     2,     0,     3,     0,     0,     0,     0,     0],
        [   24,    23,     4,     3,   111,     1,     6,     6,     2],
        [    0,     0,     0,     0,     0,     0,     1,     0,     0],
        [  397,    32,     8,     1,    12,     7,  1510,    95,     3],
        [   78,    22,     5,     1,     9,     0,    52,   202,     2],
        [    4,    10,     1,     0,     0,     1,     0,     1,     3]],
       dtype=torch.int32)
[('', 0.9722349047660828), ('.', 0.8909212350845337), ('?', 0.5925925374031067), ('!', 0.1428571492433548), (':', 0.5811518430709839), (';', nan), (',', 0.7278861999511719), ('-', 0.49631449580192566), ('...', 0.111111119389534)]
Training 7
tensor([[107707,     23,      2,      1,      6,      3,    103,     27,      6],
        [    19,   8643,      5,      3,      3,      0,      5,      3,      4],
        [     3,      2,    612,      1,      1,      0,      0,      0,      4],
        [     0,      0,      0,     79,      1,      0,      0,      0,      1],
        [     4,      2,      0,      0,    711,      0,      0,      2,      2],
        [     0,      0,      0,      0,      0,     63,      1,      0,      0],
        [    94,      6,      0,      0,      2,      6,   7910,     37,      0],
        [    11,      3,      1,      1,      3,      5,     27,   1788,      2],
        [     0,      0,      0,      1,      0,      0,      0,      1,    102]],
       dtype=torch.int32)
[('', 0.9986000061035156), ('.', 0.9955079555511475), ('?', 0.9847143888473511), ('!', 0.946107804775238), (':', 0.9820442199707031), (';', 0.8936170935630798), (',', 0.9825476408004761), ('-', 0.9667478203773499), ('...', 0.90666663646698)]
Validation 7
tensor([[26863,   167,    42,    13,    53,     5,   580,   160,    11],
        [   97,  1995,    28,    12,    29,     1,    20,     8,    10],
        [   17,    28,   103,     3,     2,     0,     4,     0,     2],
        [    4,     2,     0,     3,     0,     0,     0,     0,     1],
        [   19,    14,     4,     1,   103,     1,    10,     6,     1],
        [    0,     0,     0,     0,     0,     0,     1,     0,     0],
        [  317,    29,     3,     0,    11,     6,  1429,    80,     5],
        [   45,    15,     5,     1,     3,     0,    40,   188,     1],
        [    8,    13,     2,     0,     1,     1,     0,     1,     3]],
       dtype=torch.int32)
[('', 0.9721699357032776), ('.', 0.8940174579620361), ('?', 0.5953757166862488), ('!', 0.13953489065170288), (':', 0.5706371068954468), (';', nan), (',', 0.720988929271698), ('-', 0.5074224472045898), ('...', 0.095238097012043)]
