/home/alagris/anaconda3/envs/pythonProject/bin/python /home/alagris/PycharmProjects/pythonProject/MachineLearningMiniprojects/punctuation_restoral/Main.py
Processing: 100%|██████████| 800/800 [00:00<00:00, 2028.43it/s]
Asking to truncate to max_length but no maximum length is provided and the model has no predefined maximum length. Default to no truncation.
training: 100%|██████████| 640/640 [02:45<00:00,  3.87it/s]
validation:   0%|          | 0/160 [00:00<?, ?it/s]tensor([[106421,    476,     48,      0,     36,      0,   1342,     76,      0],
        [   695,   7856,     86,      0,     33,      0,    133,     27,      0],
        [   106,    138,    381,      0,      5,      0,     15,      3,      0],
        [    32,     48,     11,      0,      1,      0,      8,      1,      0],
        [   328,    121,      6,      0,    233,      0,     73,      6,      0],
        [    29,      7,      0,      0,      1,      0,     20,      0,      0],
        [  2303,    111,      3,      0,     32,      0,   5667,     92,      0],
        [   764,    109,      5,      0,     12,      0,    391,    581,      0],
        [    48,     55,      8,      0,      0,      0,      8,      2,      0]],
       dtype=torch.int32)
[('', 0.9713268876075745), ('.', 0.8851332068443298), ('?', 0.6371237635612488), ('!', nan), (':', 0.41607141494750977), (';', nan), (',', 0.7144027948379517), ('-', 0.43849053978919983), ('...', nan)]
validation: 100%|██████████| 160/160 [00:13<00:00, 11.53it/s]
tensor([[26518,    69,    11,     0,     3,     0,   191,    17,     0],
        [  158,  1916,    15,     0,     4,     0,    19,     0,     0],
        [   33,    18,   107,     0,     0,     0,     0,     1,     0],
        [    8,     5,     4,     0,     0,     0,     0,     1,     0],
        [   81,    22,     0,     0,    51,     0,     8,     0,     0],
        [   28,     1,     0,     0,     0,     0,     5,     0,     0],
        [  602,    11,     2,     0,     2,     0,  1296,     9,     0],
        [  206,     7,     2,     0,     2,     0,    79,   143,     0],
        [   12,    20,     0,     0,     0,     0,     2,     0,     0]],
       dtype=torch.int32)
[('', 0.9739417433738708), ('.', 0.9165271520614624), ('?', 0.7133333086967468), ('!', nan), (':', 0.455357164144516), (';', nan), (',', 0.7359455227851868), ('-', 0.4688524603843689), ('...', nan)]
training: 100%|██████████| 640/640 [02:45<00:00,  3.86it/s]
tensor([[107063,    266,     34,      0,     46,      0,    913,     77,      0],
        [   375,   8232,     54,      0,     40,      0,     85,     44,      0],
        [    84,     78,    472,      0,      1,      0,     11,      2,      0],
        [    23,     53,     13,      0,      0,      0,      9,      3,      0],
        [   188,     81,      7,      0,    412,      0,     60,     19,      0],
        [    13,      5,      0,      0,      3,      0,     31,      5,      0],
        [  1317,     60,      4,      0,     11,      0,   6711,    105,      0],
        [   409,     87,      3,      0,     26,      0,    443,    894,      0],
        [    41,     55,     11,      0,      1,      0,     11,      2,      0]],
       dtype=torch.int32)
[('', 0.9826260209083557), ('.', 0.9277060627937317), ('?', 0.7576243877410889), ('!', nan), (':', 0.6304513812065125), (';', nan), (',', 0.8143429160118103), ('-', 0.5934284925460815), ('...', nan)]
validation: 100%|██████████| 160/160 [00:13<00:00, 11.57it/s]
tensor([[26253,    97,    13,     0,    24,     0,   395,    27,     0],
        [   90,  1969,    17,     0,    12,     0,    19,     5,     0],
        [   21,    30,   101,     0,     3,     0,     4,     0,     0],
        [    4,     8,     4,     0,     1,     0,     0,     1,     0],
        [   45,    22,     0,     0,    82,     0,     8,     5,     0],
        [   19,     1,     0,     0,     1,     0,    11,     2,     0],
        [  408,    32,     3,     0,     8,     0,  1445,    26,     0],
        [  119,    20,     2,     0,     5,     0,   112,   181,     0],
        [    7,    21,     0,     0,     2,     0,     2,     1,     1]],
       dtype=torch.int32)
[('', 0.9764016270637512), ('.', 0.9132652878761292), ('?', 0.6755852699279785), ('!', nan), (':', 0.54666668176651), (';', nan), (',', 0.7376212477684021), ('-', 0.5269286632537842), ('...', 0.05714285746216774)]
training: 100%|██████████| 640/640 [02:45<00:00,  3.86it/s]
tensor([[107500,    149,     20,      0,     30,      0,    623,     77,      0],
        [   222,   8447,     34,      2,     33,      0,     44,     47,      1],
        [    39,     46,    547,      1,      6,      0,      7,      1,      1],
        [    21,     45,     14,      9,      3,      0,      7,      2,      0],
        [   102,     52,      4,      0,    547,      0,     38,     24,      0],
        [     4,      4,      0,      0,      1,      0,     44,      4,      0],
        [   724,     43,      5,      1,     19,      0,   7284,    132,      0],
        [   235,     48,      7,      0,     21,      0,    326,   1225,      0],
        [    29,     51,     11,      1,      3,      0,     16,      2,      8]],
       dtype=torch.int32)
[('', 0.9895293712615967), ('.', 0.9536551237106323), ('?', 0.8480619788169861), ('!', 0.1565217524766922), (':', 0.7650349736213684), (';', nan), (',', 0.877748966217041), ('-', 0.725710928440094), ('...', 0.1221374049782753)]
validation: 100%|██████████| 160/160 [00:13<00:00, 11.49it/s]
training:   0%|          | 0/640 [00:00<?, ?it/s]tensor([[26322,    95,    10,     0,    13,     0,   330,    39,     0],
        [  121,  1926,    22,     2,     9,     0,    20,    11,     1],
        [   31,    15,   109,     1,     2,     0,     0,     1,     0],
        [    5,     5,     5,     0,     1,     0,     1,     1,     0],
        [   56,    26,     0,     0,    69,     0,     6,     5,     0],
        [   22,     2,     0,     0,     1,     0,     9,     0,     0],
        [  435,    18,     2,     0,     6,     0,  1427,    34,     0],
        [  118,    14,     1,     0,     2,     0,    97,   207,     0],
        [    6,    22,     0,     0,     0,     0,     1,     3,     2]],
       dtype=torch.int32)
[('', 0.9762448072433472), ('.', 0.9095631837844849), ('?', 0.7077921628952026), ('!', nan), (':', 0.5207547545433044), (';', nan), (',', 0.7484919428825378), ('-', 0.5594595074653625), ('...', 0.10810811072587967)]
training: 100%|██████████| 640/640 [02:45<00:00,  3.86it/s]
tensor([[107803,     83,     11,      2,     26,      0,    413,     61,      0],
        [   130,   8609,     15,      2,     20,      0,     23,     28,      3],
        [    15,     31,    586,      1,      1,      0,     12,      2,      0],
        [    15,     41,      8,     27,      1,      0,      7,      2,      0],
        [    68,     32,      2,      0,    609,      0,     24,     31,      1],
        [     5,      8,      2,      0,      1,      9,     25,      5,      2],
        [   397,     20,      7,      1,     10,      1,   7676,     95,      1],
        [   119,     31,      2,      0,     28,      0,    202,   1480,      0],
        [    22,     44,     11,      2,      2,      0,      8,      7,     25]],
       dtype=torch.int32)
[('', 0.9936996698379517), ('.', 0.9711771607398987), ('?', 0.9071207642555237), ('!', 0.3970588445663452), (':', 0.8313993215560913), (';', 0.2686567008495331), (',', 0.9249307513237), ('-', 0.828435480594635), ('...', 0.32679739594459534)]
validation: 100%|██████████| 160/160 [00:14<00:00, 11.40it/s]
tensor([[26301,    92,    27,     1,    16,     0,   328,    43,     1],
        [  115,  1922,    34,     0,     8,     0,    23,     7,     3],
        [   23,    14,   117,     1,     1,     0,     2,     0,     1],
        [    4,     4,     5,     2,     1,     0,     1,     1,     0],
        [   61,    22,     0,     0,    66,     0,     9,     4,     0],
        [   23,     2,     0,     0,     0,     0,     8,     1,     0],
        [  431,    31,     6,     0,     7,     0,  1421,    25,     1],
        [  120,    20,     5,     0,     5,     0,    78,   211,     0],
        [    9,    21,     1,     0,     0,     0,     0,     0,     3]],
       dtype=torch.int32)
[('', 0.9759907722473145), ('.', 0.9066037535667419), ('?', 0.6610170006752014), ('!', 0.1818181872367859), (':', 0.49624064564704895), (';', nan), (',', 0.7494725584983826), ('-', 0.5772913694381714), ('...', 0.13953489065170288)]
training: 100%|██████████| 640/640 [02:44<00:00,  3.89it/s]
validation:   0%|          | 0/160 [00:00<?, ?it/s]tensor([[108044,     64,     11,      0,     21,      1,    222,     34,      2],
        [    69,   8696,      6,      4,     19,      0,     17,     17,      2],
        [    14,      9,    609,      3,      2,      0,      7,      1,      3],
        [    13,     18,      8,     49,      2,      0,      2,      6,      3],
        [    39,     24,      4,      2,    663,      1,     15,     18,      1],
        [     2,      7,      0,      0,      2,     12,     23,     10,      1],
        [   228,     12,      4,      0,      9,      0,   7889,     66,      0],
        [    78,     22,      2,      0,     13,      0,    120,   1626,      1],
        [    20,     22,      6,      4,      3,      0,      3,      7,     56]],
       dtype=torch.int32)
[('', 0.9962287545204163), ('.', 0.9823768734931946), ('?', 0.938366711139679), ('!', 0.6012269854545593), (':', 0.8834109902381897), (';', 0.3380281627178192), (',', 0.9558948278427124), ('-', 0.8916918039321899), ('...', 0.5894737243652344)]
validation: 100%|██████████| 160/160 [00:13<00:00, 11.59it/s]
training:   0%|          | 0/640 [00:00<?, ?it/s]tensor([[26211,   103,    24,     0,    27,     0,   368,    76,     0],
        [   92,  1963,    22,     1,     8,     0,    15,    11,     0],
        [   21,    21,   111,     1,     2,     0,     1,     2,     0],
        [    4,     6,     4,     2,     1,     0,     0,     1,     0],
        [   49,    20,     1,     0,    76,     0,     8,     8,     0],
        [   19,     1,     0,     0,     0,     0,    11,     3,     0],
        [  407,    26,     2,     1,    11,     0,  1417,    57,     1],
        [  101,    20,     2,     0,     6,     1,    80,   229,     0],
        [    5,    23,     0,     0,     0,     1,     2,     1,     2]],
       dtype=torch.int32)
[('', 0.9758739471435547), ('.', 0.9140861630439758), ('?', 0.6830769181251526), ('!', 0.17391303181648254), (':', 0.5187713503837585), (';', nan), (',', 0.7411088347434998), ('-', 0.5538089871406555), ('...', 0.10810811072587967)]
training: 100%|██████████| 640/640 [02:44<00:00,  3.89it/s]
tensor([[108138,     44,      5,      0,     13,      0,    164,     35,      0],
        [    65,   8713,      4,      5,     14,      0,     11,     14,      4],
        [    11,     11,    616,      3,      1,      0,      5,      0,      1],
        [     5,     17,      3,     69,      0,      0,      3,      1,      3],
        [    35,     11,      0,      1,    705,      0,      7,      8,      0],
        [     3,      1,      1,      0,      1,     24,     17,      9,      1],
        [   172,     14,      1,      1,      2,      1,   7976,     40,      1],
        [    53,     17,      2,      0,      8,      0,     71,   1710,      1],
        [    12,     15,      7,      1,      3,      0,      0,      3,     80]],
       dtype=torch.int32)
[('', 0.9971553087234497), ('.', 0.9860239028930664), ('?', 0.9572650194168091), ('!', 0.7624309062957764), (':', 0.9313077926635742), (';', 0.5853658318519592), (',', 0.9690195322036743), ('-', 0.9288429617881775), ('...', 0.7547169923782349)]
validation: 100%|██████████| 160/160 [00:13<00:00, 11.59it/s]
tensor([[26274,   114,    22,     1,    20,     0,   279,    98,     1],
        [   93,  1952,    19,     0,     7,     1,    21,    17,     2],
        [   21,    24,   105,     0,     0,     0,     7,     1,     1],
        [    4,     5,     5,     2,     1,     0,     0,     1,     0],
        [   46,    26,     0,     0,    70,     0,    12,     8,     0],
        [   18,     3,     0,     0,     0,     0,    11,     2,     0],
        [  455,    25,     5,     1,     2,     2,  1349,    83,     0],
        [  109,    11,     1,     0,     4,     0,    60,   254,     0],
        [    8,    18,     2,     0,     0,     0,     1,     0,     5]],
       dtype=torch.int32)
[('', 0.9760573506355286), ('.', 0.9100232720375061), ('?', 0.6603773832321167), ('!', 0.1818181872367859), (':', 0.5263157486915588), (';', nan), (',', 0.7367557883262634), ('-', 0.5625692009925842), ('...', 0.23255814611911774)]
training: 100%|██████████| 640/640 [02:44<00:00,  3.89it/s]
tensor([[108176,     50,      3,      2,      7,      0,    136,     25,      0],
        [    50,   8738,      9,      4,      5,      0,     16,      6,      2],
        [     7,     13,    623,      0,      0,      0,      2,      2,      1],
        [     5,     10,      2,     74,      0,      0,      4,      2,      4],
        [     8,      9,      1,      1,    741,      0,      2,      4,      1],
        [     3,      3,      1,      0,      1,     39,      8,      2,      0],
        [   151,     12,      1,      0,      3,      1,   7991,     49,      0],
        [    45,      8,      1,      0,      5,      0,     59,   1743,      1],
        [     8,     10,      3,      0,      0,      1,      0,      2,     97]],
       dtype=torch.int32)
[('', 0.9976942539215088), ('.', 0.9882938265800476), ('?', 0.9643962979316711), ('!', 0.813186764717102), (':', 0.9692609906196594), (';', 0.7959182858467102), (',', 0.9729697108268738), ('-', 0.9429267644882202), ('...', 0.8546255230903625)]
validation: 100%|██████████| 160/160 [00:13<00:00, 11.60it/s]
training:   0%|          | 0/640 [00:00<?, ?it/s]tensor([[26231,    89,    31,     2,    26,     0,   349,    78,     3],
        [   93,  1921,    26,     5,    25,     0,    22,    18,     2],
        [   11,    24,   107,     2,     3,     1,     6,     3,     2],
        [    4,     4,     5,     2,     1,     0,     1,     1,     0],
        [   44,    17,     0,     0,    83,     0,    10,     8,     0],
        [   18,     2,     1,     0,     0,     0,    12,     1,     0],
        [  422,    22,     5,     0,     4,     1,  1415,    53,     0],
        [   99,    14,     1,     0,     8,     0,    78,   239,     0],
        [    6,    20,     1,     0,     0,     1,     2,     1,     3]],
       dtype=torch.int32)
[('', 0.9762733578681946), ('.', 0.9093490839004517), ('?', 0.6369047164916992), ('!', 0.13793103396892548), (':', 0.5320512056350708), (';', nan), (',', 0.7414199113845825), ('-', 0.5683709383010864), ('...', 0.13636364042758942)]
training: 100%|██████████| 640/640 [02:44<00:00,  3.89it/s]
validation:   0%|          | 0/160 [00:00<?, ?it/s]tensor([[108237,     37,      3,      2,      9,      0,     94,     16,      1],
        [    37,   8763,      7,      1,      3,      0,      6,      9,      4],
        [     7,      5,    628,      0,      2,      0,      3,      3,      0],
        [     2,      5,      1,     88,      0,      0,      2,      1,      2],
        [    16,      5,      2,      0,    738,      0,      4,      2,      0],
        [     2,      2,      0,      0,      1,     42,      6,      4,      0],
        [   100,      8,      1,      0,      2,      0,   8077,     20,      0],
        [    33,      9,      0,      0,      5,      2,     27,   1786,      0],
        [     8,     12,      3,      0,      0,      0,      1,      0,     97]],
       dtype=torch.int32)
[('', 0.998307466506958), ('.', 0.9915139079093933), ('?', 0.9713843464851379), ('!', 0.9166666269302368), (':', 0.9666011333465576), (';', 0.8316830992698669), (',', 0.9833211898803711), ('-', 0.9646233320236206), ('...', 0.8622222542762756)]
validation: 100%|██████████| 160/160 [00:13<00:00, 11.55it/s]
tensor([[26272,    94,    16,     0,    14,     1,   332,    80,     0],
        [   97,  1952,    19,     0,     6,     1,    24,    13,     0],
        [   26,    26,   104,     0,     1,     0,     1,     1,     0],
        [    5,     6,     4,     1,     1,     0,     0,     1,     0],
        [   52,    21,     0,     0,    72,     0,     9,     8,     0],
        [   20,     1,     0,     0,     0,     1,     8,     4,     0],
        [  441,    18,     3,     0,     4,     3,  1403,    50,     0],
        [  110,    13,     1,     0,     1,     3,    73,   238,     0],
        [    6,    21,     1,     0,     0,     1,     2,     0,     3]],
       dtype=torch.int32)
[('', 0.9759649634361267), ('.', 0.9155722260475159), ('?', 0.6775244474411011), ('!', 0.10526315867900848), (':', 0.5517241358757019), (';', 0.045454543083906174), (',', 0.7435082197189331), ('-', 0.5707434415817261), ('...', 0.1621621698141098)]
training: 100%|██████████| 640/640 [02:44<00:00,  3.89it/s]
tensor([[108218,     30,      7,      0,      6,      0,    114,     23,      1],
        [    35,   8770,      5,      0,      3,      0,     10,      7,      0],
        [     8,      8,    628,      2,      0,      0,      1,      1,      0],
        [     3,      4,      0,     91,      0,      0,      2,      0,      1],
        [    11,      7,      1,      0,    742,      0,      2,      3,      1],
        [     1,      1,      0,      0,      0,     50,      4,      1,      0],
        [   124,      7,      1,      0,      4,      0,   8047,     24,      1],
        [    31,      6,      0,      0,      1,      1,     22,   1800,      1],
        [     1,      3,      4,      0,      1,      0,      0,      0,    112]],
       dtype=torch.int32)
[('', 0.998178243637085), ('.', 0.9928677082061768), ('?', 0.9706336855888367), ('!', 0.9381443858146667), (':', 0.9737533330917358), (';', 0.9259258508682251), (',', 0.9807434678077698), ('-', 0.9674819111824036), ('...', 0.9411765336990356)]
validation: 100%|██████████| 160/160 [00:13<00:00, 11.60it/s]
training:   0%|          | 0/640 [00:00<?, ?it/s]tensor([[26171,   104,    15,     0,    20,     0,   456,    42,     1],
        [   93,  1937,    18,     1,     9,     1,    44,     8,     1],
        [   25,    27,    96,     2,     0,     0,     7,     1,     1],
        [    5,     6,     4,     1,     1,     0,     0,     1,     0],
        [   46,    19,     0,     0,    77,     0,    12,     7,     1],
        [   17,     2,     0,     0,     0,     0,    14,     1,     0],
        [  370,    18,     3,     1,     5,     3,  1492,    29,     1],
        [   98,    15,     0,     0,     5,     0,   112,   209,     0],
        [    5,    21,     1,     0,     0,     1,     2,     1,     3]],
       dtype=torch.int32)
[('', 0.9758198857307434), ('.', 0.9091762900352478), ('?', 0.6486486792564392), ('!', 0.08695651590824127), (':', 0.5519713163375854), (';', nan), (',', 0.7347943782806396), ('-', 0.5663956999778748), ('...', 0.1428571492433548)]
training: 100%|██████████| 640/640 [02:44<00:00,  3.89it/s]
validation:   0%|          | 0/160 [00:00<?, ?it/s]tensor([[108252,     34,      1,      2,      5,      0,     89,     16,      0],
        [    29,   8776,      1,      1,      8,      0,      9,      6,      0],
        [     1,      5,    638,      0,      1,      0,      1,      2,      0],
        [     3,      2,      0,     94,      0,      0,      1,      1,      0],
        [    12,      7,      1,      0,    742,      0,      2,      3,      0],
        [     2,      0,      0,      0,      0,     50,      4,      1,      0],
        [    91,      5,      1,      0,      2,      1,   8085,     23,      0],
        [    32,      4,      1,      0,      4,      0,     34,   1787,      0],
        [     4,      3,      1,      0,      0,      0,      0,      0,    113]],
       dtype=torch.int32)
[('', 0.9985195398330688), ('.', 0.9935469031333923), ('?', 0.9876160621643066), ('!', 0.9494949579238892), (':', 0.9705690145492554), (';', 0.9259258508682251), (',', 0.9839956164360046), ('-', 0.9656849503517151), ('...', 0.9658119678497314)]
validation: 100%|██████████| 160/160 [00:13<00:00, 11.60it/s]
tensor([[26138,   111,    18,     0,    22,     0,   450,    69,     1],
        [  103,  1950,    13,     3,     7,     1,    24,     8,     3],
        [   16,    24,   107,     3,     1,     0,     6,     1,     1],
        [    4,     6,     4,     2,     1,     0,     0,     1,     0],
        [   48,    24,     0,     1,    72,     0,    10,     7,     0],
        [   20,     3,     0,     0,     0,     0,     9,     2,     0],
        [  364,    23,     3,     0,     4,     2,  1485,    40,     1],
        [  109,    20,     0,     0,     5,     0,    82,   223,     0],
        [    6,    21,     1,     0,     0,     1,     2,     0,     3]],
       dtype=torch.int32)
[('', 0.9749892950057983), ('.', 0.9082440733909607), ('?', 0.7016392946243286), ('!', 0.14814814925193787), (':', 0.525547444820404), (';', nan), (',', 0.7443609237670898), ('-', 0.5645569562911987), ('...', 0.13953489065170288)]
training: 100%|██████████| 640/640 [02:44<00:00,  3.89it/s]
tensor([[108247,     27,      4,      0,      3,      2,     88,     27,      1],
        [    38,   8764,      6,      1,      6,      0,     12,      3,      0],
        [     3,      4,    637,      0,      1,      0,      3,      0,      0],
        [     0,      3,      0,     97,      0,      0,      0,      0,      1],
        [     5,      8,      0,      0,    750,      0,      2,      2,      0],
        [     2,      1,      0,      0,      0,     49,      3,      0,      2],
        [    89,      7,      1,      1,      1,      0,   8084,     24,      1],
        [    22,      9,      0,      0,      1,      0,     30,   1800,      0],
        [     1,      2,      0,      1,      0,      0,      0,      0,    117]],
       dtype=torch.int32)
[('', 0.9985609650611877), ('.', 0.9928065538406372), ('?', 0.9830247163772583), ('!', 0.96517413854599), (':', 0.9810333847999573), (';', 0.9074074625968933), (',', 0.9840535521507263), ('-', 0.9682624936103821), ('...', 0.9629629254341125)]
validation: 100%|██████████| 160/160 [00:13<00:00, 11.60it/s]
training:   0%|          | 0/640 [00:00<?, ?it/s]tensor([[26213,   102,    16,     2,    31,     0,   362,    83,     0],
        [   99,  1940,    17,     7,    15,     1,    18,    14,     1],
        [   25,    24,   102,     1,     0,     1,     4,     1,     1],
        [    4,     6,     4,     2,     1,     0,     0,     1,     0],
        [   52,    14,     0,     0,    82,     0,     6,     8,     0],
        [   19,     1,     1,     0,     0,     0,    11,     2,     0],
        [  414,    25,     2,     0,     8,     1,  1400,    70,     2],
        [  114,    16,     1,     0,     4,     1,    67,   236,     0],
        [    6,    21,     1,     0,     0,     1,     2,     0,     3]],
       dtype=torch.int32)
[('', 0.97527676820755), ('.', 0.9105843901634216), ('?', 0.6732672452926636), ('!', 0.13333332538604736), (':', 0.5412541031837463), (';', nan), (',', 0.7383966445922852), ('-', 0.552693247795105), ('...', 0.146341472864151)]
training: 100%|██████████| 640/640 [02:44<00:00,  3.88it/s]
validation:   0%|          | 0/160 [00:00<?, ?it/s]tensor([[108287,     19,      4,      0,      4,      0,     71,     14,      0],
        [    26,   8791,      3,      1,      6,      0,      1,      1,      1],
        [     3,      8,    637,      0,      0,      0,      0,      0,      0],
        [     1,      1,      2,     96,      0,      0,      0,      1,      0],
        [     2,      8,      1,      0,    755,      0,      1,      0,      0],
        [     1,      0,      0,      0,      0,     54,      1,      1,      0],
        [    57,      5,      0,      0,      1,      1,   8126,     18,      0],
        [    21,      2,      0,      1,      3,      0,     13,   1822,      0],
        [     0,      1,      0,      0,      0,      0,      0,      0,    120]],
       dtype=torch.int32)
[('', 0.9989714026451111), ('.', 0.9953014850616455), ('?', 0.9837837815284729), ('!', 0.9648241400718689), (':', 0.9830729365348816), (';', 0.9642857909202576), (',', 0.9897082448005676), ('-', 0.9798333048820496), ('...', 0.9917355179786682)]
validation: 100%|██████████| 160/160 [00:13<00:00, 11.55it/s]
tensor([[26324,    88,    13,     1,    11,     0,   308,    64,     0],
        [  119,  1932,    14,     1,     5,     0,    24,    14,     3],
        [   36,    21,    97,     1,     0,     0,     4,     0,     0],
        [    5,     4,     6,     1,     1,     0,     0,     1,     0],
        [   57,    19,     0,     0,    71,     0,     7,     8,     0],
        [   18,     3,     0,     0,     0,     0,    11,     2,     0],
        [  477,    23,     3,     0,     4,     0,  1374,    41,     0],
        [  115,    12,     1,     0,     1,     0,    79,   230,     1],
        [    7,    20,     1,     0,     0,     0,     3,     0,     3]],
       dtype=torch.int32)
[('', 0.9755591750144958), ('.', 0.9126121401786804), ('?', 0.6598639488220215), ('!', 0.09090909361839294), (':', 0.5568627715110779), (';', nan), (',', 0.7363343834877014), ('-', 0.5757196545600891), ('...', 0.146341472864151)]
training: 100%|██████████| 640/640 [02:44<00:00,  3.89it/s]
validation:   0%|          | 0/160 [00:00<?, ?it/s]tensor([[108286,     29,      4,      1,      1,      0,     72,      6,      0],
        [    25,   8792,      1,      0,      4,      0,      3,      5,      0],
        [     4,      2,    641,      0,      0,      0,      0,      0,      1],
        [     3,      1,      1,     96,      0,      0,      0,      0,      0],
        [     4,      1,      0,      0,    759,      0,      1,      2,      0],
        [     1,      0,      0,      0,      0,     55,      0,      1,      0],
        [    65,      3,      1,      0,      2,      1,   8133,      3,      0],
        [    12,      5,      0,      0,      1,      0,      8,   1836,      0],
        [     1,      2,      2,      0,      0,      0,      0,      0,    116]],
       dtype=torch.int32)
[('', 0.998948335647583), ('.', 0.9954146146774292), ('?', 0.9876733422279358), ('!', 0.9696969389915466), (':', 0.9895697236061096), (';', 0.9734513759613037), (',', 0.9903196096420288), ('-', 0.9884253144264221), ('...', 0.9747899174690247)]
validation: 100%|██████████| 160/160 [00:13<00:00, 11.59it/s]
tensor([[26324,    90,     9,     1,    15,     0,   303,    66,     1],
        [  123,  1934,    12,     0,     8,     0,    22,    12,     1],
        [   34,    28,    95,     0,     0,     0,     1,     1,     0],
        [    4,     8,     3,     1,     1,     0,     0,     1,     0],
        [   53,    22,     0,     1,    70,     0,    10,     6,     0],
        [   21,     1,     0,     0,     0,     0,    10,     2,     0],
        [  515,    16,     1,     0,     2,     0,  1347,    41,     0],
        [  120,    15,     0,     0,     0,     0,    75,   229,     0],
        [    5,    21,     0,     0,     0,     1,     2,     2,     3]],
       dtype=torch.int32)
[('', 0.9748185276985168), ('.', 0.9107605814933777), ('?', 0.6810035705566406), ('!', 0.095238097012043), (':', 0.5426356792449951), (';', nan), (',', 0.7296857833862305), ('-', 0.5732164978981018), ('...', 0.1538461595773697)]
training: 100%|██████████| 640/640 [02:44<00:00,  3.89it/s]
tensor([[108294,     24,      2,      0,      0,      0,     60,     18,      1],
        [    28,   8784,      2,      0,      4,      0,      6,      5,      1],
        [     4,      2,    641,      0,      0,      0,      0,      0,      1],
        [     0,      1,      0,     99,      0,      0,      0,      0,      1],
        [     3,      3,      0,      0,    759,      0,      2,      0,      0],
        [     0,      0,      0,      0,      0,     57,      0,      0,      0],
        [    64,      3,      0,      0,      0,      0,   8137,      4,      0],
        [    15,      4,      0,      0,      1,      0,     10,   1832,      0],
        [     3,      0,      0,      0,      0,      0,      0,      0,    118]],
       dtype=torch.int32)
[('', 0.9989760518074036), ('.', 0.9952977299690247), ('?', 0.9914926886558533), ('!', 0.9900000095367432), (':', 0.9915087819099426), (';', 1.0), (',', 0.9909273386001587), ('-', 0.9846814870834351), ('...', 0.9711933732032776)]
validation: 100%|██████████| 160/160 [00:13<00:00, 11.60it/s]
training:   0%|          | 0/640 [00:00<?, ?it/s]tensor([[26297,   134,    22,     0,    17,     0,   300,    39,     0],
        [  110,  1951,    17,     0,     3,     0,    17,    14,     0],
        [   29,    27,    99,     0,     1,     0,     3,     0,     0],
        [    4,     8,     4,     0,     1,     0,     0,     1,     0],
        [   54,    26,     0,     0,    70,     0,     6,     6,     0],
        [   14,     7,     0,     0,     0,     0,    13,     0,     0],
        [  464,    29,     0,     0,     5,     1,  1381,    42,     0],
        [  123,    20,     0,     0,     3,     0,    72,   221,     0],
        [    7,    19,     2,     0,     0,     1,     2,     0,     3]],
       dtype=torch.int32)
[('', 0.9755708575248718), ('.', 0.9005308151245117), ('?', 0.6534653306007385), ('!', nan), (':', 0.534351110458374), (';', nan), (',', 0.7432723641395569), ('-', 0.5800525546073914), ('...', 0.1621621698141098)]
training: 100%|██████████| 640/640 [02:44<00:00,  3.89it/s]
tensor([[108339,     11,      4,      0,      2,      0,     30,     13,      0],
        [    19,   8798,      2,      0,      3,      0,      5,      3,      0],
        [     3,      4,    641,      0,      0,      0,      0,      0,      0],
        [     1,      0,      0,    100,      0,      0,      0,      0,      0],
        [     3,      2,      0,      0,    760,      0,      2,      0,      0],
        [     0,      1,      0,      0,      0,     56,      0,      0,      0],
        [    32,      3,      1,      0,      0,      0,   8164,      8,      0],
        [     8,      2,      0,      0,      1,      0,      9,   1842,      0],
        [     0,      2,      0,      0,      0,      0,      0,      0,    119]],
       dtype=torch.int32)
[('', 0.9994188547134399), ('.', 0.9967710971832275), ('?', 0.9891975522041321), ('!', 0.9950249195098877), (':', 0.9915199279785156), (';', 0.991150438785553), (',', 0.9945182204246521), ('-', 0.9881974458694458), ('...', 0.9916666746139526)]
validation: 100%|██████████| 160/160 [00:13<00:00, 11.60it/s]
training:   0%|          | 0/640 [00:00<?, ?it/s]tensor([[26361,    89,    22,     0,    17,     0,   282,    34,     4],
        [  120,  1921,    21,     1,     9,     2,    22,     4,    12],
        [   30,    16,   105,     2,     1,     0,     3,     0,     2],
        [    4,     7,     4,     2,     0,     0,     0,     1,     0],
        [   48,    22,     0,     0,    80,     0,     8,     3,     1],
        [   17,     1,     0,     0,     0,     0,    14,     2,     0],
        [  505,    25,     1,     0,     9,     2,  1353,    24,     3],
        [  143,    12,     3,     0,     3,     1,    80,   197,     0],
        [    9,    17,     2,     0,     0,     0,     2,     0,     4]],
       dtype=torch.int32)
[('', 0.9755023717880249), ('.', 0.9099953174591064), ('?', 0.6624605655670166), ('!', 0.17391303181648254), (':', 0.5693950653076172), (';', nan), (',', 0.7341291308403015), ('-', 0.5596590638160706), ('...', 0.13333332538604736)]
training: 100%|██████████| 640/640 [02:44<00:00,  3.89it/s]
validation:   0%|          | 0/160 [00:00<?, ?it/s]tensor([[108302,     24,      7,      0,      1,      0,     53,     12,      0],
        [    18,   8802,      3,      0,      0,      0,      6,      1,      0],
        [     4,      1,    643,      0,      0,      0,      0,      0,      0],
        [     0,      1,      0,    100,      0,      0,      0,      0,      0],
        [     2,      2,      0,      0,    763,      0,      0,      0,      0],
        [     1,      0,      0,      0,      0,     56,      0,      0,      0],
        [    48,      4,      0,      0,      0,      0,   8153,      3,      0],
        [    14,      2,      0,      0,      0,      0,      6,   1840,      0],
        [     3,      0,      0,      0,      0,      0,      0,      0,    118]],
       dtype=torch.int32)
[('', 0.9991374611854553), ('.', 0.9964904189109802), ('?', 0.9884704351425171), ('!', 0.9950249195098877), (':', 0.9967342019081116), (';', 0.991150438785553), (',', 0.9926945567131042), ('-', 0.9897794723510742), ('...', 0.9874476790428162)]
validation: 100%|██████████| 160/160 [00:13<00:00, 11.58it/s]
tensor([[26247,    92,    14,     1,    24,     0,   380,    48,     3],
        [  120,  1918,    19,     3,    12,     0,    28,     9,     3],
        [   31,    26,    94,     2,     2,     0,     4,     0,     0],
        [    4,     7,     4,     2,     0,     0,     0,     1,     0],
        [   55,    16,     0,     0,    77,     0,     5,     7,     2],
        [   16,     5,     0,     0,     0,     1,    11,     1,     0],
        [  425,    18,     1,     0,     7,     0,  1431,    40,     0],
        [  134,    10,     1,     0,     3,     0,    84,   207,     0],
        [    9,    16,     1,     0,     1,     0,     3,     1,     3]],
       dtype=torch.int32)
[('', 0.9748188853263855), ('.', 0.909004807472229), ('?', 0.6416382193565369), ('!', 0.1538461595773697), (':', 0.5347222089767456), (';', 0.05714285746216774), (',', 0.7399172782897949), ('-', 0.5498008131980896), ('...', 0.13333334028720856)]
training: 100%|██████████| 640/640 [02:44<00:00,  3.89it/s]
tensor([[108307,     20,      3,      0,      5,      0,     48,     15,      1],
        [    19,   8799,      4,      0,      1,      0,      3,      3,      1],
        [     5,      4,    637,      0,      0,      0,      1,      1,      0],
        [     0,      1,      0,    100,      0,      0,      0,      0,      0],
        [     5,      1,      0,      0,    760,      0,      1,      0,      0],
        [     0,      0,      0,      0,      0,     56,      0,      1,      0],
        [    52,      3,      0,      0,      0,      0,   8140,     13,      0],
        [    23,      6,      2,      0,      0,      0,     20,   1811,      0],
        [     0,      2,      0,      0,      0,      0,      1,      0,    118]],
       dtype=torch.int32)
[('', 0.9990959763526917), ('.', 0.99615079164505), ('?', 0.9845440983772278), ('!', 0.9950249195098877), (':', 0.9915199279785156), (';', 0.991150438785553), (',', 0.9913530945777893), ('-', 0.9773340821266174), ('...', 0.9792531132698059)]
validation: 100%|██████████| 160/160 [00:13<00:00, 11.55it/s]
tensor([[26227,    94,    16,     0,    17,     0,   371,    84,     0],
        [  110,  1942,    16,     2,     6,     0,    18,    12,     6],
        [   26,    22,   106,     0,     0,     0,     2,     1,     2],
        [    5,     6,     4,     1,     1,     0,     0,     1,     0],
        [   53,    18,     0,     0,    77,     0,     6,     7,     1],
        [   23,     1,     0,     0,     0,     0,     8,     2,     0],
        [  451,    21,     2,     0,     3,     0,  1379,    66,     0],
        [   99,    16,     1,     0,     2,     0,    76,   245,     0],
        [    9,    19,     0,     0,     0,     0,     2,     1,     3]],
       dtype=torch.int32)
[('', 0.9747640490531921), ('.', 0.9136673212051392), ('?', 0.6973683834075928), ('!', 0.095238097012043), (':', 0.5746268630027771), (';', nan), (',', 0.7288583517074585), ('-', 0.5710955858230591), ('...', 0.1304347813129425)]
training: 100%|██████████| 640/640 [02:44<00:00,  3.89it/s]
tensor([[108312,     18,      2,      1,      3,      0,     44,     19,      0],
        [    15,   8804,      4,      1,      3,      0,      2,      1,      0],
        [     1,      4,    642,      0,      0,      0,      1,      0,      0],
        [     0,      1,      0,    100,      0,      0,      0,      0,      0],
        [     2,      6,      0,      0,    757,      0,      1,      1,      0],
        [     1,      1,      0,      0,      0,     53,      2,      0,      0],
        [    39,      4,      1,      0,      2,      1,   8153,      8,      0],
        [    21,      4,      0,      0,      1,      0,     12,   1823,      1],
        [     1,      2,      1,      0,      0,      0,      0,      0,    117]],
       dtype=torch.int32)
[('', 0.9992296695709229), ('.', 0.9962656497955322), ('?', 0.9892141819000244), ('!', 0.9852216839790344), (':', 0.9876060485839844), (';', 0.954954981803894), (',', 0.992875874042511), ('-', 0.9816909432411194), ('...', 0.9790794849395752)]
validation: 100%|██████████| 160/160 [00:13<00:00, 11.60it/s]
tensor([[26344,   105,     7,     0,    13,     0,   282,    58,     0],
        [  108,  1946,     8,     0,     7,     0,    22,    18,     3],
        [   28,    29,    92,     0,     0,     0,     7,     2,     1],
        [    5,     8,     3,     1,     0,     0,     0,     1,     0],
        [   56,    19,     1,     0,    69,     0,     9,     8,     0],
        [   20,     2,     0,     0,     0,     0,     9,     3,     0],
        [  513,    26,     0,     0,     4,     0,  1338,    41,     0],
        [  116,    14,     0,     0,     4,     0,    80,   225,     0],
        [    9,    19,     0,     0,     0,     0,     2,     1,     3]],
       dtype=torch.int32)
[('', 0.9755592346191406), ('.', 0.909345805644989), ('?', 0.6814814805984497), ('!', 0.10526315867900848), (':', 0.5328185558319092), (';', nan), (',', 0.7289566993713379), ('-', 0.5653266906738281), ('...', 0.146341472864151)]
training: 100%|██████████| 640/640 [02:44<00:00,  3.89it/s]
validation:   0%|          | 0/160 [00:00<?, ?it/s]tensor([[108321,     29,      2,      0,      4,      0,     39,      4,      0],
        [    17,   8802,      2,      1,      1,      0,      5,      2,      0],
        [     2,      4,    640,      0,      0,      0,      2,      0,      0],
        [     1,      1,      0,     99,      0,      0,      0,      0,      0],
        [     7,      2,      0,      0,    755,      0,      3,      0,      0],
        [     0,      0,      0,      0,      0,     55,      2,      0,      0],
        [    50,      4,      0,      0,      2,      7,   8138,      7,      0],
        [     9,      4,      0,      0,      0,      0,     11,   1838,      0],
        [     1,      1,      0,      0,      0,      0,      1,      0,    118]],
       dtype=torch.int32)
[('', 0.9992389678955078), ('.', 0.9958703517913818), ('?', 0.99071204662323), ('!', 0.9850746393203735), (':', 0.9875736236572266), (';', 0.924369752407074), (',', 0.9918947219848633), ('-', 0.9900349974632263), ('...', 0.9874476790428162)]
validation: 100%|██████████| 160/160 [00:13<00:00, 11.59it/s]
training:   0%|          | 0/640 [00:00<?, ?it/s]tensor([[26185,   119,     5,     0,    26,     0,   381,    91,     2],
        [  100,  1959,    12,     0,     4,     0,    15,    16,     6],
        [   29,    23,   100,     0,     0,     0,     6,     1,     0],
        [    3,     8,     3,     3,     0,     0,     0,     1,     0],
        [   54,    23,     0,     0,    69,     0,     8,     8,     0],
        [   12,     5,     0,     0,     0,     0,    15,     2,     0],
        [  380,    29,     1,     0,     6,     0,  1435,    71,     0],
        [  100,    19,     1,     0,     3,     0,    76,   240,     0],
        [    5,    21,     1,     0,     1,     0,     2,     1,     3]],
       dtype=torch.int32)
[('', 0.9756506085395813), ('.', 0.907364547252655), ('?', 0.7092198729515076), ('!', 0.2857142984867096), (':', 0.5092251300811768), (';', nan), (',', 0.7435232996940613), ('-', 0.5517240762710571), ('...', 0.13333334028720856)]
training: 100%|██████████| 640/640 [02:44<00:00,  3.89it/s]
tensor([[108320,     20,      2,      1,      3,      0,     45,      7,      1],
        [    20,   8792,      8,      0,      2,      0,      5,      2,      1],
        [     4,      7,    637,      0,      0,      0,      0,      0,      0],
        [     1,      0,      0,    100,      0,      0,      0,      0,      0],
        [     4,      4,      0,      0,    757,      0,      1,      1,      0],
        [     0,      5,      0,      0,      1,     39,      8,      4,      0],
        [    51,      3,      0,      0,      1,      0,   8141,     12,      0],
        [    10,      4,      0,      0,      1,      0,     11,   1836,      0],
        [     2,      1,      0,      1,      1,      0,      0,      0,    116]],
       dtype=torch.int32)
[('', 0.999211311340332), ('.', 0.9953583478927612), ('?', 0.9837837815284729), ('!', 0.9852216839790344), (':', 0.9876060485839844), (';', 0.8125), (',', 0.9916560053825378), ('-', 0.9860365390777588), ('...', 0.9707112312316895)]
validation: 100%|██████████| 160/160 [00:13<00:00, 11.60it/s]
training:   0%|          | 0/640 [00:00<?, ?it/s]tensor([[26249,   105,    24,     0,    32,     2,   334,    60,     3],
        [  101,  1948,    17,     5,    12,     0,    14,    13,     2],
        [   20,    23,   109,     1,     0,     0,     5,     0,     1],
        [    4,     5,     3,     3,     1,     0,     0,     1,     1],
        [   47,    23,     0,     0,    79,     0,     4,     9,     0],
        [   13,     6,     0,     0,     0,     0,    12,     2,     1],
        [  466,    29,     3,     0,     7,     7,  1361,    49,     0],
        [  119,    15,     0,     0,     4,     0,    67,   233,     1],
        [    6,    20,     0,     0,     0,     1,     1,     0,     6]],
       dtype=torch.int32)
[('', 0.9751830101013184), ('.', 0.9090060591697693), ('?', 0.6920635104179382), ('!', 0.222222238779068), (':', 0.5319865345954895), (';', nan), (',', 0.7317203879356384), ('-', 0.578163743019104), ('...', 0.2448979616165161)]
