Training 0
tensor([[48904,  4327,  4681,  3305,  9343, 14075,  7246, 11043,  5636],
        [ 3268,   992,   162,   181,   828,  1211,   668,   529,   887],
        [  260,    35,    21,     7,    61,   112,    53,    60,    58],
        [   43,     5,     5,     1,    10,    18,     9,     2,     5],
        [  322,    31,    20,    25,    63,   129,    80,    61,    30],
        [   26,     3,     0,     2,    12,    14,     3,     3,    14],
        [ 3216,   450,   264,   231,   899,  1067,   779,   641,   490],
        [  735,   123,    50,    40,   212,   267,   189,   135,    92],
        [   48,     5,     6,     2,    15,    18,    10,    17,     7]],
       dtype=torch.int32)
[('', 0.5914065837860107), ('.', 0.1349935233592987), ('?', 0.007147719617933035), ('!', 0.0005138746346347034), (':', 0.010324484668672085), (';', 0.001648222329095006), (',', 0.09124986082315445), ('-', 0.018836332485079765), ('...', 0.0019055396551266313)]
Validation 0
tensor([[21482,   564,   399,   197,   743,  1180,   760,   830,   493],
        [ 1534,   253,    25,     8,    76,   116,    86,    57,    61],
        [   79,    10,     2,     0,     8,    12,    15,     9,     5],
        [   13,     0,     0,     0,     1,     2,     3,     2,     0],
        [  126,     6,     1,     2,     5,    12,     8,     6,     2],
        [   10,     1,     0,     0,     1,     2,     0,     0,     0],
        [ 1613,    78,    26,    15,    61,    90,   118,    52,    40],
        [  320,    35,     3,     6,    22,    27,    21,    18,     6],
        [   17,     5,     0,     1,     1,     0,     2,     1,     0]],
       dtype=torch.int32)
[('', 0.828748881816864), ('.', 0.1597222238779068), ('?', 0.0067114089615643024), ('!', nan), (':', 0.009208102710545063), (';', 0.002749140840023756), (',', 0.07598196715116501), ('-', 0.02512212097644806), ('...', nan)]
Training 1
tensor([[100831,   1160,    453,    247,   1025,   1704,   1381,   1193,    566],
        [  7242,    830,     20,     19,    104,    168,    173,     90,     80],
        [   556,     35,      5,      2,      9,     19,     18,     12,     11],
        [    88,      6,      1,      0,      1,      1,      1,      0,      0],
        [   686,      9,      0,      3,      8,     15,     17,     20,      3],
        [    55,      2,      0,      0,      9,      4,      0,      1,      6],
        [  7157,    226,     25,     22,    104,    140,    240,     76,     47],
        [  1598,     50,     10,      7,     27,     51,     62,     27,     11],
        [   105,      6,      0,      0,      3,      4,      4,      5,      1]],
       dtype=torch.int32)
[('', 0.8888565301895142), ('.', 0.15022623538970947), ('?', 0.008467399515211582), ('!', nan), (':', 0.007801072672009468), (';', 0.003664681687951088), (',', 0.048323772847652435), ('-', 0.01652892492711544), ('...', 0.002344666048884392)]
Validation 1
tensor([[26222,   108,    13,     2,    44,    54,   135,    54,    16],
        [ 1998,   167,     2,     1,     1,    10,    25,     7,     5],
        [  125,     6,     1,     0,     2,     0,     4,     0,     2],
        [   18,     1,     0,     0,     0,     1,     1,     0,     0],
        [  162,     3,     0,     0,     0,     0,     2,     0,     1],
        [   13,     0,     0,     0,     1,     0,     0,     0,     0],
        [ 2019,    21,     0,     2,     8,     4,    30,     4,     5],
        [  427,    11,     1,     0,     2,     5,     6,     3,     3],
        [   27,     0,     0,     0,     0,     0,     0,     0,     0]],
       dtype=torch.int32)
[('', 0.9095544219017029), ('.', 0.13185946643352509), ('?', 0.012738852761685848), ('!', nan), (':', nan), (';', nan), (',', 0.026132404804229736), ('-', 0.011406843550503254), ('...', nan)]
Training 2
tensor([[107771,    294,     24,      7,     62,    100,    222,     56,     24],
        [  7896,    755,      2,      2,      6,     12,     40,      9,      4],
        [   633,     30,      0,      0,      0,      3,      1,      0,      0],
        [    94,      3,      0,      0,      0,      1,      0,      0,      0],
        [   748,      8,      0,      2,      0,      1,      1,      1,      0],
        [    73,      1,      0,      0,      2,      0,      0,      0,      1],
        [  7858,     83,      0,      1,      6,     10,     75,      3,      1],
        [  1793,     29,      0,      0,      1,      5,     11,      3,      1],
        [   124,      3,      0,      0,      0,      0,      0,      1,      0]],
       dtype=torch.int32)
[('', 0.9150583744049072), ('.', 0.15203382074832916), ('?', nan), ('!', nan), (':', nan), (';', nan), (',', 0.017884820699691772), ('-', 0.003131524194031954), ('...', nan)]
Validation 2
tensor([[26551,    41,     1,     0,     4,     5,    38,     3,     5],
        [ 1971,   237,     0,     0,     0,     2,     6,     0,     0],
        [  127,    10,     0,     0,     0,     0,     3,     0,     0],
        [   19,     2,     0,     0,     0,     0,     0,     0,     0],
        [  166,     2,     0,     0,     0,     0,     0,     0,     0],
        [   13,     1,     0,     0,     0,     0,     0,     0,     0],
        [ 2062,    10,     0,     0,     0,     1,    19,     1,     0],
        [  448,     7,     0,     0,     0,     1,     2,     0,     0],
        [   27,     0,     0,     0,     0,     0,     0,     0,     0]],
       dtype=torch.int32)
[('', 0.9150468707084656), ('.', 0.1876484602689743), ('?', nan), ('!', nan), (':', nan), (';', nan), (',', 0.017584452405571938), ('-', nan), ('...', nan)]
Training 3
tensor([[108256,    166,      1,      2,      5,      9,    114,      7,      0],
        [  7538,   1170,      0,      0,      0,      0,     17,      1,      0],
        [   625,     39,      0,      0,      0,      1,      2,      0,      0],
        [    92,      6,      0,      0,      0,      0,      0,      0,      0],
        [   753,      8,      0,      0,      0,      0,      0,      0,      0],
        [    75,      2,      0,      0,      0,      0,      0,      0,      0],
        [  7913,     58,      0,      0,      1,      0,     64,      1,      0],
        [  1809,     22,      0,      0,      1,      0,     11,      0,      0],
        [   122,      3,      0,      0,      0,      0,      3,      0,      0]],
       dtype=torch.int32)
[('', 0.9184238910675049), ('.', 0.2294117659330368), ('?', nan), ('!', nan), (':', nan), (';', nan), (',', 0.01551891304552555), ('-', nan), ('...', nan)]
Validation 3
tensor([[26589,    29,     0,     0,     0,     1,    26,     1,     2],
        [ 1824,   384,     0,     0,     0,     0,     8,     0,     0],
        [  127,    10,     0,     0,     0,     0,     3,     0,     0],
        [   21,     0,     0,     0,     0,     0,     0,     0,     0],
        [  166,     2,     0,     0,     0,     0,     0,     0,     0],
        [   14,     0,     0,     0,     0,     0,     0,     0,     0],
        [ 2064,     9,     0,     0,     0,     0,    20,     0,     0],
        [  450,     3,     0,     0,     0,     1,     4,     0,     0],
        [   26,     1,     0,     0,     0,     0,     0,     0,     0]],
       dtype=torch.int32)
[('', 0.9179857969284058), ('.', 0.28937453031539917), ('?', nan), ('!', nan), (':', nan), (';', nan), (',', 0.018570102751255035), ('-', nan), ('...', nan)]
Training 4
tensor([[108328,    144,      0,      0,      0,      1,     83,      4,      0],
        [  7007,   1689,      0,      0,      0,      1,     29,      0,      0],
        [   613,     54,      0,      0,      0,      0,      0,      0,      0],
        [    91,      7,      0,      0,      0,      0,      0,      0,      0],
        [   745,     14,      0,      1,      0,      0,      1,      0,      0],
        [    76,      1,      0,      0,      0,      0,      0,      0,      0],
        [  7881,     57,      0,      0,      0,      0,     99,      0,      0],
        [  1809,     26,      0,      0,      0,      0,      8,      0,      0],
        [   121,      7,      0,      0,      0,      0,      0,      0,      0]],
       dtype=torch.int32)
[('', 0.9210350513458252), ('.', 0.31496506929397583), ('?', nan), ('!', nan), (':', nan), (';', nan), (',', 0.023979652673006058), ('-', nan), ('...', nan)]
Validation 4
tensor([[26582,    38,     0,     0,     0,     0,    28,     0,     0],
        [ 1645,   566,     0,     0,     0,     0,     5,     0,     0],
        [  121,    15,     0,     0,     0,     0,     4,     0,     0],
        [   19,     1,     0,     0,     0,     0,     1,     0,     0],
        [  157,    11,     0,     0,     0,     0,     0,     0,     0],
        [   14,     0,     0,     0,     0,     0,     0,     0,     0],
        [ 2044,    12,     0,     0,     0,     0,    37,     0,     0],
        [  446,     6,     0,     0,     0,     0,     6,     0,     0],
        [   27,     0,     0,     0,     0,     0,     0,     0,     0]],
       dtype=torch.int32)
[('', 0.9213385581970215), ('.', 0.39511343836784363), ('?', nan), ('!', nan), (':', nan), (';', nan), (',', 0.03403863683342934), ('-', nan), ('...', nan)]
Training 5
tensor([[108298,    155,      0,      0,      0,      0,    107,      0,      0],
        [  6315,   2396,      0,      0,      0,      0,     15,      0,      0],
        [   569,     98,      0,      0,      0,      0,      0,      0,      0],
        [    85,     13,      0,      0,      0,      0,      0,      0,      0],
        [   738,     23,      0,      0,      0,      0,      0,      0,      0],
        [    75,      2,      0,      0,      0,      0,      0,      0,      0],
        [  7767,     76,      0,      0,      0,      0,    194,      0,      0],
        [  1810,     21,      0,      0,      0,      0,     12,      0,      0],
        [   121,      6,      0,      0,      0,      0,      1,      0,      0]],
       dtype=torch.int32)
[('', 0.9242888689041138), ('.', 0.41611671447753906), ('?', nan), ('!', nan), (':', nan), (';', nan), (',', 0.04637819901108742), ('-', nan), ('...', nan)]
Validation 5
tensor([[26598,    26,     0,     0,     0,     0,    24,     0,     0],
        [ 1519,   691,     0,     0,     0,     0,     6,     0,     0],
        [  116,    20,     0,     0,     0,     0,     4,     0,     0],
        [   17,     4,     0,     0,     0,     0,     0,     0,     0],
        [  159,     8,     0,     0,     0,     0,     1,     0,     0],
        [   14,     0,     0,     0,     0,     0,     0,     0,     0],
        [ 2011,    14,     0,     0,     0,     0,    68,     0,     0],
        [  443,    12,     0,     0,     0,     0,     3,     0,     0],
        [   26,     1,     0,     0,     0,     0,     0,     0,     0]],
       dtype=torch.int32)
[('', 0.9243279695510864), ('.', 0.46189841628074646), ('?', nan), ('!', nan), (':', nan), (';', nan), (',', 0.0618462972342968), ('-', nan), ('...', nan)]
Training 6
tensor([[108265,    180,      0,      0,      0,      0,    113,      2,      0],
        [  5819,   2881,      0,      0,      0,      0,     26,      0,      0],
        [   555,    112,      0,      0,      0,      0,      0,      0,      0],
        [    81,     17,      0,      0,      0,      0,      0,      0,      0],
        [   729,     30,      0,      0,      0,      0,      2,      0,      0],
        [    75,      2,      0,      0,      0,      0,      0,      0,      0],
        [  7632,     88,      0,      0,      0,      0,    317,      0,      0],
        [  1790,     35,      0,      0,      0,      0,     18,      0,      0],
        [   116,     12,      0,      0,      0,      0,      0,      0,      0]],
       dtype=torch.int32)
[('', 0.9268390536308289), ('.', 0.47686830163002014), ('?', nan), ('!', nan), (':', nan), (';', nan), (',', 0.07447432726621628), ('-', nan), ('...', nan)]
Validation 6
tensor([[26576,    44,     0,     0,     0,     0,    28,     0,     0],
        [ 1402,   806,     0,     0,     0,     0,     8,     0,     0],
        [  113,    26,     0,     0,     0,     0,     1,     0,     0],
        [   18,     3,     0,     0,     0,     0,     0,     0,     0],
        [  157,    11,     0,     0,     0,     0,     0,     0,     0],
        [   13,     0,     0,     0,     0,     0,     1,     0,     0],
        [ 1967,    16,     0,     0,     0,     0,   110,     0,     0],
        [  443,    12,     0,     0,     0,     0,     3,     0,     0],
        [   24,     3,     0,     0,     0,     0,     0,     0,     0]],
       dtype=torch.int32)
[('', 0.9266226291656494), ('.', 0.5138667821884155), ('?', nan), ('!', nan), (':', nan), (';', nan), (',', 0.09803921729326248), ('-', nan), ('...', nan)]
Training 7
tensor([[108204,    217,      0,      0,      0,      0,    139,      0,      0],
        [  5473,   3222,      0,      0,      0,      0,     31,      0,      0],
        [   537,    128,      0,      0,      0,      0,      2,      0,      0],
        [    79,     19,      0,      0,      0,      0,      0,      0,      0],
        [   723,     36,      0,      0,      0,      0,      2,      0,      0],
        [    76,      1,      0,      0,      0,      0,      0,      0,      0],
        [  7416,    105,      0,      0,      0,      0,    516,      0,      0],
        [  1781,     44,      0,      0,      0,      0,     18,      0,      0],
        [   112,     14,      0,      0,      0,      0,      2,      0,      0]],
       dtype=torch.int32)
[('', 0.9289451837539673), ('.', 0.5150255560874939), ('?', nan), ('!', nan), (':', nan), (';', nan), (',', 0.11798330396413803), ('-', nan), ('...', nan)]
Validation 7
tensor([[26553,    49,     0,     0,     0,     0,    46,     0,     0],
        [ 1333,   874,     0,     0,     0,     0,     9,     0,     0],
        [  108,    31,     0,     0,     0,     0,     1,     0,     0],
        [   16,     5,     0,     0,     0,     0,     0,     0,     0],
        [  155,    13,     0,     0,     0,     0,     0,     0,     0],
        [   14,     0,     0,     0,     0,     0,     0,     0,     0],
        [ 1893,    17,     0,     0,     0,     0,   183,     0,     0],
        [  441,    11,     0,     0,     0,     0,     6,     0,     0],
        [   21,     5,     0,     0,     0,     0,     1,     0,     0]],
       dtype=torch.int32)
[('', 0.9287188053131104), ('.', 0.5426885485649109), ('?', nan), ('!', nan), (':', nan), (';', nan), (',', 0.15647712349891663), ('-', nan), ('...', nan)]
Training 8
tensor([[108140,    246,      0,      0,      0,      0,    174,      0,      0],
        [  5222,   3476,      0,      0,      0,      0,     28,      0,      0],
        [   506,    155,      0,      0,      0,      0,      6,      0,      0],
        [    75,     23,      0,      0,      0,      0,      0,      0,      0],
        [   712,     46,      0,      0,      0,      0,      3,      0,      0],
        [    74,      3,      0,      0,      0,      0,      0,      0,      0],
        [  7191,    100,      0,      0,      0,      0,    746,      0,      0],
        [  1763,     52,      0,      0,      0,      0,     28,      0,      0],
        [   109,     17,      0,      0,      0,      0,      2,      0,      0]],
       dtype=torch.int32)
[('', 0.9308291077613831), ('.', 0.5412644147872925), ('?', nan), ('!', nan), (':', nan), (';', nan), (',', 0.16533687710762024), ('-', nan), ('...', nan)]
Validation 8
tensor([[26525,    65,     0,     0,     0,     0,    58,     0,     0],
        [ 1253,   952,     0,     0,     0,     0,    11,     0,     0],
        [   99,    40,     0,     0,     0,     0,     1,     0,     0],
        [   16,     5,     0,     0,     0,     0,     0,     0,     0],
        [  152,    14,     0,     0,     0,     0,     2,     0,     0],
        [   14,     0,     0,     0,     0,     0,     0,     0,     0],
        [ 1853,    23,     0,     0,     0,     0,   217,     0,     0],
        [  440,    11,     0,     0,     0,     0,     7,     0,     0],
        [   22,     5,     0,     0,     0,     0,     0,     0,     0]],
       dtype=torch.int32)
[('', 0.9303426742553711), ('.', 0.5716001391410828), ('?', nan), ('!', nan), (':', nan), (';', nan), (',', 0.18166595697402954), ('-', nan), ('...', nan)]
Training 9
tensor([[108087,    275,      0,      0,      0,      0,    198,      0,      0],
        [  5035,   3650,      0,      0,      0,      0,     41,      0,      0],
        [   491,    167,      0,      0,      0,      0,      9,      0,      0],
        [    76,     21,      0,      0,      0,      0,      1,      0,      0],
        [   706,     51,      0,      0,      0,      0,      4,      0,      0],
        [    73,      3,      0,      0,      0,      0,      1,      0,      0],
        [  6938,    129,      0,      0,      0,      0,    970,      0,      0],
        [  1766,     46,      0,      0,      0,      0,     31,      0,      0],
        [   108,     18,      0,      0,      0,      0,      2,      0,      0]],
       dtype=torch.int32)
[('', 0.9324275851249695), ('.', 0.5578480958938599), ('?', nan), ('!', nan), (':', nan), (';', nan), (',', 0.2087368220090866), ('-', nan), ('...', nan)]
Validation 9
tensor([[26527,    60,     0,     0,     0,     0,    61,     0,     0],
        [ 1188,  1013,     0,     0,     0,     0,    15,     0,     0],
        [  104,    34,     0,     0,     0,     0,     2,     0,     0],
        [   15,     6,     0,     0,     0,     0,     0,     0,     0],
        [  149,    19,     0,     0,     0,     0,     0,     0,     0],
        [   14,     0,     0,     0,     0,     0,     0,     0,     0],
        [ 1777,    15,     0,     0,     0,     0,   301,     0,     0],
        [  436,    12,     0,     0,     0,     0,    10,     0,     0],
        [   21,     6,     0,     0,     0,     0,     0,     0,     0]],
       dtype=torch.int32)
[('', 0.9327520132064819), ('.', 0.5992310047149658), ('?', nan), ('!', nan), (':', nan), (';', nan), (',', 0.24254634976387024), ('-', nan), ('...', nan)]
Training 10
tensor([[108006,    297,      0,      0,      0,      0,    257,      0,      0],
        [  4836,   3848,      0,      0,      0,      0,     42,      0,      0],
        [   490,    171,      0,      0,      0,      0,      6,      0,      0],
        [    73,     24,      0,      0,      0,      0,      1,      0,      0],
        [   695,     63,      0,      0,      0,      0,      3,      0,      0],
        [    74,      0,      0,      0,      0,      0,      3,      0,      0],
        [  6683,    116,      0,      0,      0,      0,   1238,      0,      0],
        [  1764,     44,      0,      0,      0,      0,     35,      0,      0],
        [   102,     23,      0,      0,      0,      0,      3,      0,      0]],
       dtype=torch.int32)
[('', 0.9339725971221924), ('.', 0.578125), ('?', nan), ('!', nan), (':', nan), (';', nan), (',', 0.2572467625141144), ('-', nan), ('...', nan)]
Validation 10
tensor([[26503,    70,     0,     0,     0,     0,    75,     0,     0],
        [ 1171,  1028,     0,     0,     0,     0,    17,     0,     0],
        [  101,    36,     0,     0,     0,     0,     3,     0,     0],
        [   16,     5,     0,     0,     0,     0,     0,     0,     0],
        [  147,    20,     0,     0,     0,     0,     1,     0,     0],
        [   12,     0,     0,     0,     0,     0,     2,     0,     0],
        [ 1722,    22,     0,     0,     0,     0,   349,     0,     0],
        [  428,    12,     0,     0,     0,     0,    18,     0,     0],
        [   17,     9,     0,     0,     0,     0,     1,     0,     0]],
       dtype=torch.int32)
[('', 0.9337795972824097), ('.', 0.601521372795105), ('?', nan), ('!', nan), (':', nan), (';', nan), (',', 0.27276280522346497), ('-', nan), ('...', nan)]
Training 11
tensor([[107963,    332,      0,      0,      0,      0,    265,      0,      0],
        [  4705,   3976,      0,      0,      0,      0,     45,      0,      0],
        [   474,    190,      0,      0,      0,      0,      3,      0,      0],
        [    74,     24,      0,      0,      0,      0,      0,      0,      0],
        [   688,     68,      0,      0,      0,      0,      5,      0,      0],
        [    74,      3,      0,      0,      0,      0,      0,      0,      0],
        [  6462,    117,      0,      0,      0,      0,   1458,      0,      0],
        [  1744,     59,      0,      0,      0,      0,     40,      0,      0],
        [   103,     23,      0,      0,      0,      0,      2,      0,      0]],
       dtype=torch.int32)
[('', 0.9353640675544739), ('.', 0.5882526636123657), ('?', nan), ('!', nan), (':', nan), (';', nan), (',', 0.2958904206752777), ('-', nan), ('...', nan)]
Validation 11
tensor([[26481,    80,     0,     0,     0,     0,    87,     0,     0],
        [ 1150,  1051,     0,     0,     0,     0,    15,     0,     0],
        [   96,    39,     0,     0,     0,     0,     5,     0,     0],
        [   17,     4,     0,     0,     0,     0,     0,     0,     0],
        [  145,    20,     0,     0,     0,     0,     3,     0,     0],
        [   13,     1,     0,     0,     0,     0,     0,     0,     0],
        [ 1660,    21,     0,     0,     0,     0,   412,     0,     0],
        [  427,    18,     0,     0,     0,     0,    13,     0,     0],
        [   17,    10,     0,     0,     0,     0,     0,     0,     0]],
       dtype=torch.int32)
[('', 0.9348325133323669), ('.', 0.6075144410133362), ('?', nan), ('!', nan), (':', nan), (';', nan), (',', 0.31354644894599915), ('-', nan), ('...', nan)]
Training 12
tensor([[107923,    340,      0,      0,      0,      0,    297,      0,      0],
        [  4600,   4072,      0,      0,      0,      0,     54,      0,      0],
        [   458,    204,      0,      0,      0,      0,      5,      0,      0],
        [    71,     26,      0,      0,      0,      0,      1,      0,      0],
        [   679,     78,      0,      0,      0,      0,      4,      0,      0],
        [    74,      2,      0,      0,      0,      0,      1,      0,      0],
        [  6341,    121,      0,      0,      0,      0,   1575,      0,      0],
        [  1733,     61,      0,      0,      0,      0,     49,      0,      0],
        [    98,     29,      0,      0,      0,      0,      1,      0,      0]],
       dtype=torch.int32)
[('', 0.9362748861312866), ('.', 0.5962369441986084), ('?', nan), ('!', nan), (':', nan), (';', nan), (',', 0.3142457902431488), ('-', nan), ('...', nan)]
Validation 12
tensor([[26497,    73,     0,     0,     0,     0,    78,     0,     0],
        [ 1111,  1082,     0,     0,     0,     0,    23,     0,     0],
        [   97,    41,     0,     0,     0,     0,     2,     0,     0],
        [   15,     6,     0,     0,     0,     0,     0,     0,     0],
        [  147,    20,     0,     0,     0,     0,     1,     0,     0],
        [   13,     0,     0,     0,     0,     0,     1,     0,     0],
        [ 1646,    23,     0,     0,     0,     0,   424,     0,     0],
        [  424,    15,     0,     0,     0,     0,    19,     0,     0],
        [   17,     8,     0,     0,     0,     0,     2,     0,     0]],
       dtype=torch.int32)
[('', 0.9360416531562805), ('.', 0.6211251616477966), ('?', nan), ('!', nan), (':', nan), (';', nan), (',', 0.3208475112915039), ('-', nan), ('...', nan)]
Training 13
tensor([[107821,    394,      0,      0,      0,      0,    345,      0,      0],
        [  4467,   4206,      0,      0,      0,      0,     53,      0,      0],
        [   434,    224,      0,      0,      0,      0,      9,      0,      0],
        [    73,     25,      0,      0,      0,      0,      0,      0,      0],
        [   670,     85,      0,      0,      0,      0,      6,      0,      0],
        [    70,      3,      0,      0,      0,      0,      4,      0,      0],
        [  6119,    143,      0,      0,      0,      0,   1775,      0,      0],
        [  1708,     74,      0,      0,      0,      0,     61,      0,      0],
        [    98,     27,      0,      0,      0,      0,      3,      0,      0]],
       dtype=torch.int32)
[('', 0.9374924302101135), ('.', 0.6048752665519714), ('?', nan), ('!', nan), (':', nan), (';', nan), (',', 0.3448946177959442), ('-', nan), ('...', nan)]
Validation 13
tensor([[26466,    82,     0,     0,     0,     0,   100,     0,     0],
        [ 1086,  1115,     0,     0,     0,     0,    15,     0,     0],
        [   96,    43,     0,     0,     0,     0,     1,     0,     0],
        [   15,     6,     0,     0,     0,     0,     0,     0,     0],
        [  141,    22,     0,     0,     0,     0,     5,     0,     0],
        [   12,     1,     0,     0,     0,     0,     1,     0,     0],
        [ 1598,    26,     0,     0,     0,     0,   469,     0,     0],
        [  422,    17,     0,     0,     0,     0,    19,     0,     0],
        [   20,     6,     0,     0,     0,     0,     1,     0,     0]],
       dtype=torch.int32)
[('', 0.9367832541465759), ('.', 0.6310130953788757), ('?', nan), ('!', nan), (':', nan), (';', nan), (',', 0.3468934893608093), ('-', nan), ('...', nan)]
Training 14
tensor([[107782,    381,      0,      0,      0,      0,    397,      0,      0],
        [  4451,   4220,      0,      0,      0,      0,     55,      0,      0],
        [   436,    225,      0,      0,      0,      0,      6,      0,      0],
        [    70,     28,      0,      0,      0,      0,      0,      0,      0],
        [   658,     95,      0,      0,      0,      0,      8,      0,      0],
        [    70,      2,      0,      0,      0,      0,      5,      0,      0],
        [  6027,    146,      0,      0,      0,      0,   1864,      0,      0],
        [  1713,     60,      0,      0,      0,      0,     70,      0,      0],
        [    92,     31,      0,      0,      0,      0,      5,      0,      0]],
       dtype=torch.int32)
[('', 0.9378097057342529), ('.', 0.606583297252655), ('?', nan), ('!', nan), (':', nan), (';', nan), (',', 0.3568488359451294), ('-', nan), ('...', nan)]
Validation 14
tensor([[26450,    86,     0,     0,     0,     0,   112,     0,     0],
        [ 1062,  1139,     0,     0,     0,     0,    15,     0,     0],
        [   92,    46,     0,     0,     0,     0,     2,     0,     0],
        [   14,     7,     0,     0,     0,     0,     0,     0,     0],
        [  141,    25,     0,     0,     0,     0,     2,     0,     0],
        [   14,     0,     0,     0,     0,     0,     0,     0,     0],
        [ 1558,    26,     0,     0,     0,     0,   509,     0,     0],
        [  419,    17,     0,     0,     0,     0,    22,     0,     0],
        [   18,     9,     0,     0,     0,     0,     0,     0,     0]],
       dtype=torch.int32)
[('', 0.937677264213562), ('.', 0.6379165053367615), ('?', nan), ('!', nan), (':', nan), (';', nan), (',', 0.3695099651813507), ('-', nan), ('...', nan)]
Training 15
tensor([[107731,    399,      0,      0,      0,      0,    430,      0,      0],
        [  4331,   4337,      0,      0,      0,      0,     58,      0,      0],
        [   426,    228,      0,      0,      0,      0,     13,      0,      0],
        [    69,     28,      0,      0,      0,      0,      1,      0,      0],
        [   657,     95,      0,      0,      0,      0,      9,      0,      0],
        [    69,      2,      0,      0,      0,      0,      6,      0,      0],
        [  5877,    145,      0,      0,      0,      0,   2015,      0,      0],
        [  1698,     69,      0,      0,      0,      0,     76,      0,      0],
        [    98,     27,      0,      0,      0,      0,      3,      0,      0]],
       dtype=torch.int32)
[('', 0.9387668371200562), ('.', 0.6171029806137085), ('?', nan), ('!', nan), (':', nan), (';', nan), (',', 0.37847480177879333), ('-', nan), ('...', nan)]
Validation 15
tensor([[26447,    94,     0,     0,     0,     0,   107,     0,     0],
        [ 1058,  1145,     0,     0,     0,     0,    13,     0,     0],
        [   90,    49,     0,     0,     0,     0,     1,     0,     0],
        [   17,     4,     0,     0,     0,     0,     0,     0,     0],
        [  142,    23,     0,     0,     0,     0,     3,     0,     0],
        [   13,     1,     0,     0,     0,     0,     0,     0,     0],
        [ 1530,    31,     0,     0,     0,     0,   532,     0,     0],
        [  418,    23,     0,     0,     0,     0,    17,     0,     0],
        [   19,     7,     0,     0,     0,     0,     1,     0,     0]],
       dtype=torch.int32)
[('', 0.9381362795829773), ('.', 0.6373503804206848), ('?', nan), ('!', nan), (':', nan), (';', nan), (',', 0.38453203439712524), ('-', nan), ('...', nan)]
Training 16
tensor([[107682,    422,      0,      0,      0,      0,    456,      0,      0],
        [  4240,   4404,      0,      0,      0,      0,     82,      0,      0],
        [   424,    232,      0,      0,      0,      0,     11,      0,      0],
        [    67,     31,      0,      0,      0,      0,      0,      0,      0],
        [   644,    106,      0,      0,      0,      0,     11,      0,      0],
        [    68,      3,      0,      0,      0,      0,      6,      0,      0],
        [  5776,    154,      0,      0,      0,      0,   2107,      0,      0],
        [  1689,     85,      0,      0,      0,      0,     69,      0,      0],
        [    94,     32,      0,      0,      0,      0,      2,      0,      0]],
       dtype=torch.int32)
[('', 0.9394531846046448), ('.', 0.6205001473426819), ('?', nan), ('!', nan), (':', nan), (';', nan), (',', 0.3908728361129761), ('-', nan), ('...', nan)]
Validation 16
tensor([[26433,    89,     0,     0,     0,     0,   126,     0,     0],
        [ 1026,  1170,     0,     0,     0,     0,    20,     0,     0],
        [   93,    45,     0,     0,     0,     0,     2,     0,     0],
        [   14,     6,     0,     0,     0,     0,     1,     0,     0],
        [  132,    30,     0,     0,     0,     0,     6,     0,     0],
        [   13,     0,     0,     0,     0,     0,     1,     0,     0],
        [ 1498,    27,     0,     0,     0,     0,   567,     1,     0],
        [  407,    23,     0,     0,     0,     0,    28,     0,     0],
        [   17,     9,     0,     0,     0,     0,     1,     0,     0]],
       dtype=torch.int32)
[('', 0.939322292804718), ('.', 0.6473029255867004), ('?', nan), ('!', nan), (':', nan), (';', nan), (',', 0.39859405159950256), ('-', nan), ('...', nan)]
Training 17
tensor([[107584,    472,      0,      0,      0,      0,    504,      0,      0],
        [  4196,   4445,      0,      0,      0,      0,     85,      0,      0],
        [   419,    235,      0,      0,      0,      0,     13,      0,      0],
        [    64,     34,      0,      0,      0,      0,      0,      0,      0],
        [   650,     98,      0,      0,      0,      0,     13,      0,      0],
        [    69,      2,      0,      0,      0,      0,      6,      0,      0],
        [  5699,    140,      0,      0,      0,      0,   2198,      0,      0],
        [  1677,     83,      0,      0,      0,      0,     83,      0,      0],
        [    93,     31,      0,      0,      0,      0,      4,      0,      0]],
       dtype=torch.int32)
[('', 0.9395532011985779), ('.', 0.6231600046157837), ('?', nan), ('!', nan), (':', nan), (';', nan), (',', 0.40171799063682556), ('-', nan), ('...', nan)]
Validation 17
tensor([[26430,    99,     0,     0,     0,     0,   118,     1,     0],
        [ 1015,  1167,     0,     0,     0,     0,    34,     0,     0],
        [   90,    48,     0,     0,     0,     0,     2,     0,     0],
        [   12,     9,     0,     0,     0,     0,     0,     0,     0],
        [  139,    26,     0,     0,     0,     0,     3,     0,     0],
        [   12,     2,     0,     0,     0,     0,     0,     0,     0],
        [ 1475,    28,     0,     0,     0,     0,   589,     1,     0],
        [  413,    25,     0,     0,     0,     0,    20,     0,     0],
        [   16,    10,     0,     0,     0,     0,     1,     0,     0]],
       dtype=torch.int32)
[('', 0.9397333860397339), ('.', 0.6429752111434937), ('?', nan), ('!', nan), (':', nan), (';', nan), (',', 0.41188812255859375), ('-', nan), ('...', nan)]
Training 18
tensor([[107518,    495,      0,      0,      0,      0,    546,      1,      0],
        [  4111,   4539,      0,      0,      0,      0,     75,      1,      0],
        [   399,    254,      0,      0,      0,      0,     14,      0,      0],
        [    65,     32,      0,      0,      0,      0,      1,      0,      0],
        [   637,    111,      0,      0,      0,      0,     13,      0,      0],
        [    68,      3,      0,      0,      0,      0,      6,      0,      0],
        [  5607,    168,      0,      0,      0,      0,   2262,      0,      0],
        [  1672,     95,      0,      0,      0,      0,     76,      0,      0],
        [    88,     34,      0,      0,      0,      0,      6,      0,      0]],
       dtype=torch.int32)
[('', 0.940150797367096), ('.', 0.6279311180114746), ('?', nan), ('!', nan), (':', nan), (';', nan), (',', 0.40993112325668335), ('-', nan), ('...', nan)]
Validation 18
tensor([[26401,   110,     1,     0,     0,     0,   136,     0,     0],
        [ 1017,  1181,     0,     0,     0,     0,    18,     0,     0],
        [   88,    48,     0,     0,     0,     0,     4,     0,     0],
        [   12,     9,     0,     0,     0,     0,     0,     0,     0],
        [  135,    29,     0,     0,     0,     0,     4,     0,     0],
        [   14,     0,     0,     0,     0,     0,     0,     0,     0],
        [ 1451,    35,     0,     0,     0,     0,   607,     0,     0],
        [  414,    19,     0,     0,     0,     0,    25,     0,     0],
        [   18,     8,     0,     0,     0,     0,     1,     0,     0]],
       dtype=torch.int32)
[('', 0.9395708441734314), ('.', 0.6462380290031433), ('?', nan), ('!', nan), (':', nan), (';', nan), (',', 0.42036008834838867), ('-', nan), ('...', nan)]
Training 19
tensor([[107534,    492,      1,      0,      0,      0,    531,      2,      0],
        [  4051,   4588,      0,      0,      1,      0,     86,      0,      0],
        [   409,    248,      1,      0,      0,      0,      9,      0,      0],
        [    65,     31,      0,      0,      0,      0,      2,      0,      0],
        [   627,    120,      0,      0,      0,      0,     14,      0,      0],
        [    62,      7,      0,      0,      0,      0,      8,      0,      0],
        [  5512,    187,      0,      0,      0,      0,   2337,      1,      0],
        [  1662,     74,      0,      0,      0,      0,    107,      0,      0],
        [    92,     32,      0,      0,      0,      0,      4,      0,      0]],
       dtype=torch.int32)
[('', 0.9409118890762329), ('.', 0.6326094269752502), ('?', 0.002989536849781871), ('!', nan), (':', nan), (';', nan), (',', 0.41975751519203186), ('-', nan), ('...', nan)]
Validation 19
tensor([[26412,    99,     0,     0,     0,     0,   136,     1,     0],
        [  992,  1197,     0,     0,     0,     0,    27,     0,     0],
        [   88,    49,     0,     0,     0,     0,     3,     0,     0],
        [   14,     7,     0,     0,     0,     0,     0,     0,     0],
        [  137,    27,     0,     0,     0,     0,     4,     0,     0],
        [   14,     0,     0,     0,     0,     0,     0,     0,     0],
        [ 1441,    30,     0,     0,     0,     0,   621,     1,     0],
        [  409,    22,     0,     0,     0,     0,    27,     0,     0],
        [   16,    10,     0,     0,     0,     0,     1,     0,     0]],
       dtype=torch.int32)
[('', 0.9404140710830688), ('.', 0.654634952545166), ('?', nan), ('!', nan), (':', nan), (';', nan), (',', 0.4265109896659851), ('-', nan), ('...', nan)]
Training 20
tensor([[107512,    495,      0,      0,      1,      0,    551,      1,      0],
        [  3996,   4634,      0,      0,      1,      0,     95,      0,      0],
        [   402,    250,      1,      0,      0,      0,     14,      0,      0],
        [    65,     33,      0,      0,      0,      0,      0,      0,      0],
        [   647,     98,      0,      0,      1,      0,     15,      0,      0],
        [    69,      2,      0,      0,      0,      0,      6,      0,      0],
        [  5436,    175,      0,      0,      0,      0,   2425,      1,      0],
        [  1664,     88,      0,      0,      0,      0,     91,      0,      0],
        [    91,     33,      0,      0,      0,      0,      4,      0,      0]],
       dtype=torch.int32)
[('', 0.9412630200386047), ('.', 0.6376771926879883), ('?', 0.002994011854752898), ('!', nan), (':', 0.0026178008411079645), (';', nan), (',', 0.43157145380973816), ('-', nan), ('...', nan)]
Validation 20
tensor([[26375,   118,     0,     0,     0,     0,   155,     0,     0],
        [  957,  1224,     0,     0,     0,     0,    35,     0,     0],
        [   89,    48,     0,     0,     0,     0,     3,     0,     0],
        [   14,     7,     0,     0,     0,     0,     0,     0,     0],
        [  133,    30,     0,     0,     0,     0,     5,     0,     0],
        [   13,     1,     0,     0,     0,     0,     0,     0,     0],
        [ 1389,    32,     0,     0,     0,     0,   672,     0,     0],
        [  407,    19,     0,     0,     0,     0,    32,     0,     0],
        [   15,    11,     0,     0,     0,     0,     1,     0,     0]],
       dtype=torch.int32)
[('', 0.9412919282913208), ('.', 0.6605504751205444), ('?', nan), ('!', nan), (':', nan), (';', nan), (',', 0.44859811663627625), ('-', nan), ('...', nan)]
Training 21
tensor([[107499,    511,      0,      0,      1,      0,    548,      1,      0],
        [  3934,   4704,      0,      0,      1,      0,     87,      0,      0],
        [   407,    249,      1,      0,      0,      0,     10,      0,      0],
        [    63,     33,      0,      0,      0,      0,      2,      0,      0],
        [   626,    121,      0,      0,      0,      0,     14,      0,      0],
        [    62,      7,      0,      0,      0,      0,      8,      0,      0],
        [  5368,    157,      0,      0,      1,      0,   2510,      1,      0],
        [  1664,     76,      0,      0,      0,      0,    103,      0,      0],
        [    88,     36,      0,      0,      0,      0,      4,      0,      0]],
       dtype=torch.int32)
[('', 0.9418541789054871), ('.', 0.6435019969940186), ('?', 0.002994011854752898), ('!', nan), (':', nan), (';', nan), (',', 0.44334542751312256), ('-', nan), ('...', nan)]
Validation 21
tensor([[26382,   111,     0,     0,     0,     0,   155,     0,     0],
        [  944,  1252,     0,     0,     0,     0,    20,     0,     0],
        [   87,    52,     0,     0,     0,     0,     1,     0,     0],
        [   12,     9,     0,     0,     0,     0,     0,     0,     0],
        [  133,    30,     0,     0,     0,     0,     5,     0,     0],
        [   13,     1,     0,     0,     0,     0,     0,     0,     0],
        [ 1395,    35,     0,     0,     0,     0,   663,     0,     0],
        [  395,    22,     0,     0,     0,     0,    41,     0,     0],
        [   18,     8,     0,     0,     0,     0,     1,     0,     0]],
       dtype=torch.int32)
[('', 0.9417601823806763), ('.', 0.6702355146408081), ('?', nan), ('!', nan), (':', nan), (';', nan), (',', 0.4451158344745636), ('-', nan), ('...', nan)]
Training 22
tensor([[107459,    530,      1,      0,      0,      0,    569,      1,      0],
        [  3879,   4755,      0,      0,      0,      0,     92,      0,      0],
        [   401,    255,      0,      0,      0,      0,     11,      0,      0],
        [    63,     33,      0,      0,      0,      0,      2,      0,      0],
        [   618,    129,      0,      0,      2,      0,     12,      0,      0],
        [    65,      3,      0,      0,      0,      0,      9,      0,      0],
        [  5304,    190,      0,      0,      0,      0,   2543,      0,      0],
        [  1655,     87,      0,      0,      0,      0,    101,      0,      0],
        [    92,     31,      0,      0,      0,      0,      5,      0,      0]],
       dtype=torch.int32)
[('', 0.9422260522842407), ('.', 0.6452270150184631), ('?', nan), ('!', nan), (':', 0.005242464132606983), (';', nan), (',', 0.4468851685523987), ('-', nan), ('...', nan)]
Validation 22
tensor([[26378,   110,     0,     0,     0,     0,   160,     0,     0],
        [  941,  1252,     0,     0,     0,     0,    23,     0,     0],
        [   89,    51,     0,     0,     0,     0,     0,     0,     0],
        [   14,     7,     0,     0,     0,     0,     0,     0,     0],
        [  129,    32,     0,     0,     2,     0,     5,     0,     0],
        [   10,     0,     0,     0,     0,     0,     4,     0,     0],
        [ 1379,    32,     0,     0,     1,     0,   681,     0,     0],
        [  399,    23,     0,     0,     0,     0,    36,     0,     0],
        [   16,     9,     0,     0,     0,     0,     2,     0,     0]],
       dtype=torch.int32)
[('', 0.9420209527015686), ('.', 0.6709538698196411), ('?', nan), ('!', nan), (':', 0.023391813039779663), (';', nan), (',', 0.4533954858779907), ('-', nan), ('...', nan)]
Training 23
tensor([[107402,    553,      0,      0,      0,      0,    604,      1,      0],
        [  3830,   4809,      0,      0,      1,      0,     86,      0,      0],
        [   409,    243,      2,      0,      1,      0,     12,      0,      0],
        [    61,     35,      0,      0,      0,      0,      2,      0,      0],
        [   614,    122,      0,      0,      5,      0,     20,      0,      0],
        [    63,      3,      0,      0,      0,      0,     11,      0,      0],
        [  5285,    180,      0,      0,      0,      0,   2572,      0,      0],
        [  1627,     91,      0,      0,      0,      0,    125,      0,      0],
        [    90,     36,      0,      0,      0,      0,      2,      0,      0]],
       dtype=torch.int32)
[('', 0.9423666596412659), ('.', 0.6499527096748352), ('?', 0.005979073699563742), ('!', nan), (':', 0.01302083395421505), (';', nan), (',', 0.4484351575374603), ('-', nan), ('...', nan)]
Validation 23
tensor([[26388,   113,     0,     0,     0,     0,   147,     0,     0],
        [  946,  1231,     0,     0,     0,     0,    38,     1,     0],
        [   89,    50,     0,     0,     0,     0,     1,     0,     0],
        [   17,     4,     0,     0,     0,     0,     0,     0,     0],
        [  129,    31,     0,     0,     1,     0,     7,     0,     0],
        [   13,     0,     0,     0,     0,     0,     1,     0,     0],
        [ 1379,    32,     0,     0,     0,     0,   682,     0,     0],
        [  403,    24,     0,     0,     0,     0,    31,     0,     0],
        [   15,    11,     0,     0,     0,     0,     1,     0,     0]],
       dtype=torch.int32)
[('', 0.941974401473999), ('.', 0.6632543206214905), ('?', nan), ('!', nan), (':', 0.011834319680929184), (';', nan), (',', 0.45451515913009644), ('-', nan), ('...', nan)]
Training 24
tensor([[107374,    564,      0,      0,      0,      0,    620,      2,      0],
        [  3786,   4860,      0,      0,      3,      0,     77,      0,      0],
        [   394,    262,      2,      0,      0,      0,      9,      0,      0],
        [    65,     33,      0,      0,      0,      0,      0,      0,      0],
        [   611,    129,      0,      0,      6,      0,     15,      0,      0],
        [    66,      2,      0,      0,      0,      0,      9,      0,      0],
        [  5174,    198,      0,      0,      0,      0,   2665,      0,      0],
        [  1640,     90,      0,      0,      0,      0,    112,      1,      0],
        [    93,     33,      0,      0,      0,      0,      2,      0,      0]],
       dtype=torch.int32)
[('', 0.9428572654724121), ('.', 0.6524803638458252), ('?', 0.005979073699563742), ('!', nan), (':', 0.015584415756165981), (';', nan), (',', 0.461631715297699), ('-', 0.0010834236163645983), ('...', nan)]
Validation 24
tensor([[26362,   109,     0,     0,     0,     0,   176,     1,     0],
        [  899,  1290,     0,     0,     0,     0,    27,     0,     0],
        [   80,    57,     0,     0,     0,     0,     3,     0,     0],
        [   13,     8,     0,     0,     0,     0,     0,     0,     0],
        [  129,    32,     0,     0,     2,     0,     5,     0,     0],
        [   12,     0,     0,     0,     0,     0,     2,     0,     0],
        [ 1361,    36,     0,     0,     0,     0,   696,     0,     0],
        [  404,    25,     0,     0,     0,     0,    29,     0,     0],
        [   21,     5,     0,     0,     0,     0,     1,     0,     0]],
       dtype=torch.int32)
[('', 0.942695140838623), ('.', 0.6829009652137756), ('?', nan), ('!', nan), (':', 0.02352941408753395), (';', nan), (',', 0.4591028690338135), ('-', nan), ('...', nan)]
Training 25
tensor([[107361,    580,      0,      0,      2,      0,    616,      1,      0],
        [  3752,   4866,      0,      0,      2,      0,    106,      0,      0],
        [   383,    268,      3,      0,      0,      0,     13,      0,      0],
        [    61,     36,      0,      0,      0,      0,      1,      0,      0],
        [   602,    129,      0,      0,     12,      0,     18,      0,      0],
        [    62,      7,      0,      0,      1,      0,      7,      0,      0],
        [  5135,    200,      0,      0,      1,      0,   2701,      0,      0],
        [  1622,    100,      0,      0,      0,      0,    121,      0,      0],
        [    84,     40,      0,      0,      0,      0,      4,      0,      0]],
       dtype=torch.int32)
[('', 0.9433270692825317), ('.', 0.6508828401565552), ('?', 0.008955223485827446), ('!', nan), (':', 0.03080873191356659), (';', nan), (',', 0.4647281765937805), ('-', nan), ('...', nan)]
Validation 25
tensor([[26351,   114,     0,     0,     0,     0,   183,     0,     0],
        [  896,  1289,     0,     0,     0,     0,    31,     0,     0],
        [   84,    53,     0,     0,     0,     0,     3,     0,     0],
        [   13,     7,     0,     0,     0,     0,     1,     0,     0],
        [  123,    32,     0,     0,     6,     0,     7,     0,     0],
        [   11,     0,     0,     0,     0,     0,     3,     0,     0],
        [ 1331,    38,     0,     0,     0,     0,   724,     0,     0],
        [  390,    36,     0,     0,     0,     0,    31,     1,     0],
        [   17,     8,     0,     0,     0,     0,     2,     0,     0]],
       dtype=torch.int32)
[('', 0.9433982372283936), ('.', 0.6796730756759644), ('?', nan), ('!', nan), (':', 0.06896552443504333), (';', nan), (',', 0.47043535113334656), ('-', 0.004357298370450735), ('...', nan)]
Training 26
tensor([[107319,    576,      1,      0,      2,      0,    662,      0,      0],
        [  3670,   4952,      1,      0,      4,      0,     99,      0,      0],
        [   395,    256,      2,      0,      0,      0,     14,      0,      0],
        [    62,     34,      0,      0,      0,      0,      2,      0,      0],
        [   593,    131,      0,      0,     18,      0,     19,      0,      0],
        [    66,      2,      0,      0,      0,      0,      9,      0,      0],
        [  5142,    168,      0,      0,      1,      0,   2726,      0,      0],
        [  1616,     96,      1,      0,      0,      0,    130,      0,      0],
        [    88,     34,      0,      0,      0,      0,      5,      1,      0]],
       dtype=torch.int32)
[('', 0.9434181451797485), ('.', 0.6613689064979553), ('?', 0.005952381528913975), ('!', nan), (':', 0.04580152779817581), (';', nan), (',', 0.465863436460495), ('-', nan), ('...', nan)]
Validation 26
tensor([[26351,   133,     1,     0,     0,     0,   163,     0,     0],
        [  878,  1305,     1,     0,     1,     0,    31,     0,     0],
        [   84,    51,     0,     0,     0,     0,     5,     0,     0],
        [   11,    10,     0,     0,     0,     0,     0,     0,     0],
        [  125,    31,     0,     0,     7,     0,     5,     0,     0],
        [   13,     1,     0,     0,     0,     0,     0,     0,     0],
        [ 1306,    43,     0,     0,     1,     0,   742,     1,     0],
        [  392,    27,     0,     0,     0,     0,    39,     0,     0],
        [   18,     9,     0,     0,     0,     0,     0,     0,     0]],
       dtype=torch.int32)
[('', 0.9440404772758484), ('.', 0.6821746230125427), ('?', nan), ('!', nan), (':', 0.07909604907035828), (';', nan), (',', 0.4821312129497528), ('-', nan), ('...', nan)]
Training 27
tensor([[107234,    599,      0,      0,      2,      0,    724,      1,      0],
        [  3675,   4954,      0,      0,      3,      0,     94,      0,      0],
        [   370,    280,      2,      0,      0,      0,     15,      0,      0],
        [    62,     34,      1,      0,      0,      0,      1,      0,      0],
        [   591,    125,      1,      0,     24,      0,     20,      0,      0],
        [    66,      5,      0,      0,      0,      0,      6,      0,      0],
        [  5104,    200,      0,      0,      4,      0,   2729,      0,      0],
        [  1607,    108,      0,      0,      0,      0,    128,      0,      0],
        [    88,     35,      0,      0,      0,      0,      5,      0,      0]],
       dtype=torch.int32)
[('', 0.943309485912323), ('.', 0.657639741897583), ('?', 0.005961252376437187), ('!', nan), (':', 0.060453400015830994), (';', nan), (',', 0.46415507793426514), ('-', nan), ('...', nan)]
Validation 27
tensor([[26356,   120,     1,     0,     0,     0,   170,     1,     0],
        [  885,  1294,     0,     0,     3,     0,    34,     0,     0],
        [   84,    54,     0,     0,     0,     0,     2,     0,     0],
        [   14,     7,     0,     0,     0,     0,     0,     0,     0],
        [  124,    32,     0,     0,     3,     0,     9,     0,     0],
        [   13,     0,     0,     0,     0,     0,     1,     0,     0],
        [ 1313,    44,     0,     0,     0,     0,   736,     0,     0],
        [  400,    28,     0,     0,     0,     0,    30,     0,     0],
        [   15,    10,     0,     0,     0,     0,     2,     0,     0]],
       dtype=torch.int32)
[('', 0.9437800049781799), ('.', 0.6801576614379883), ('?', nan), ('!', nan), (':', 0.03448276221752167), (';', nan), (',', 0.4783880412578583), ('-', nan), ('...', nan)]
Training 28
tensor([[107262,    621,      3,      0,      3,      0,    670,      1,      0],
        [  3621,   4978,      2,      0,      5,      0,    120,      0,      0],
        [   369,    279,      5,      0,      0,      0,     14,      0,      0],
        [    63,     32,      0,      0,      0,      0,      3,      0,      0],
        [   586,    131,      0,      0,     29,      0,     14,      1,      0],
        [    61,      4,      0,      0,      0,      0,     12,      0,      0],
        [  5082,    182,      0,      0,      8,      0,   2765,      0,      0],
        [  1598,    104,      0,      0,      1,      0,    139,      1,      0],
        [    90,     34,      0,      0,      0,      0,      4,      0,      0]],
       dtype=torch.int32)
[('', 0.9438254833221436), ('.', 0.6597309112548828), ('?', 0.014771048910915852), ('!', nan), (':', 0.07187112420797348), (';', nan), (',', 0.46951940655708313), ('-', 0.0010834236163645983), ('...', nan)]
Validation 28
tensor([[26348,   109,     0,     0,     0,     0,   191,     0,     0],
        [  882,  1293,     1,     0,     2,     0,    38,     0,     0],
        [   88,    50,     0,     0,     0,     0,     2,     0,     0],
        [   11,    10,     0,     0,     0,     0,     0,     0,     0],
        [  121,    31,     0,     0,     7,     0,     9,     0,     0],
        [   13,     0,     0,     0,     0,     0,     1,     0,     0],
        [ 1300,    38,     0,     0,     1,     0,   754,     0,     0],
        [  389,    26,     0,     0,     0,     0,    42,     1,     0],
        [   15,     9,     0,     0,     0,     0,     3,     0,     0]],
       dtype=torch.int32)
[('', 0.9441190361976624), ('.', 0.6837652325630188), ('?', nan), ('!', nan), (':', 0.07865168154239655), (';', nan), (',', 0.4813278019428253), ('-', 0.004357298370450735), ('...', nan)]
Training 29
tensor([[107236,    599,      1,      0,      3,      0,    720,      1,      0],
        [  3558,   5050,      3,      0,      6,      0,    109,      0,      0],
        [   361,    287,      5,      0,      0,      0,     14,      0,      0],
        [    60,     33,      1,      0,      0,      0,      4,      0,      0],
        [   558,    141,      0,      0,     42,      0,     20,      0,      0],
        [    64,      3,      0,      0,      0,      0,     10,      0,      0],
        [  5018,    176,      0,      0,      7,      0,   2835,      1,      0],
        [  1590,    105,      0,      0,      1,      0,    147,      0,      0],
        [    91,     34,      0,      0,      0,      0,      3,      0,      0]],
       dtype=torch.int32)
[('', 0.9444111585617065), ('.', 0.6664907336235046), ('?', 0.014771048910915852), ('!', nan), (':', 0.1024390161037445), (';', nan), (',', 0.4765106439590454), ('-', nan), ('...', nan)]
Validation 29
tensor([[26324,   132,     0,     0,     0,     0,   192,     0,     0],
        [  849,  1329,     0,     0,     1,     0,    36,     1,     0],
        [   84,    53,     0,     0,     0,     0,     3,     0,     0],
        [   15,     6,     0,     0,     0,     0,     0,     0,     0],
        [  122,    30,     0,     0,    10,     0,     6,     0,     0],
        [    9,     1,     0,     0,     0,     0,     4,     0,     0],
        [ 1291,    43,     0,     0,     0,     0,   757,     2,     0],
        [  385,    30,     0,     0,     0,     0,    42,     1,     0],
        [   15,    11,     0,     0,     0,     0,     1,     0,     0]],
       dtype=torch.int32)
[('', 0.9444942474365234), ('.', 0.6902102828025818), ('?', nan), ('!', nan), (':', 0.11173184216022491), (';', nan), (',', 0.48308873176574707), ('-', 0.0043290043249726295), ('...', nan)]
Training 30
tensor([[107218,    599,      1,      0,      3,      0,    738,      1,      0],
        [  3548,   5064,      1,      0,      8,      0,    105,      0,      0],
        [   372,    274,      9,      0,      0,      0,     12,      0,      0],
        [    60,     37,      0,      0,      0,      0,      1,      0,      0],
        [   571,    132,      0,      0,     39,      0,     19,      0,      0],
        [    60,      5,      0,      0,      0,      0,     12,      0,      0],
        [  4980,    185,      0,      0,      6,      0,   2866,      0,      0],
        [  1581,    118,      0,      0,      1,      0,    142,      1,      0],
        [    85,     37,      0,      0,      0,      0,      6,      0,      0]],
       dtype=torch.int32)
[('', 0.9445063471794128), ('.', 0.667325496673584), ('?', 0.02654867246747017), ('!', nan), (':', 0.09535452723503113), (';', nan), (',', 0.48014742136001587), ('-', 0.0010840108152478933), ('...', nan)]
Validation 30
tensor([[26337,   127,     1,     0,     0,     0,   182,     1,     0],
        [  850,  1320,     1,     0,     2,     0,    43,     0,     0],
        [   79,    55,     1,     0,     0,     0,     5,     0,     0],
        [   11,    10,     0,     0,     0,     0,     0,     0,     0],
        [  120,    31,     0,     0,     7,     0,    10,     0,     0],
        [   11,     0,     0,     0,     0,     0,     3,     0,     0],
        [ 1294,    41,     0,     0,     3,     0,   754,     1,     0],
        [  386,    29,     0,     0,     0,     0,    40,     3,     0],
        [   16,    10,     0,     0,     0,     0,     1,     0,     0]],
       dtype=torch.int32)
[('', 0.9447911977767944), ('.', 0.6876791715621948), ('?', 0.0139860138297081), ('!', nan), (':', 0.07777778059244156), (';', nan), (',', 0.48163527250289917), ('-', 0.012958964332938194), ('...', nan)]
Training 31
tensor([[107201,    627,      7,      0,      2,      0,    723,      0,      0],
        [  3459,   5157,      1,      0,     10,      0,     99,      0,      0],
        [   365,    271,      9,      0,      0,      0,     22,      0,      0],
        [    59,     33,      0,      0,      0,      0,      6,      0,      0],
        [   563,    138,      0,      0,     42,      0,     18,      0,      0],
        [    59,      6,      0,      0,      0,      0,     11,      1,      0],
        [  4937,    185,      1,      0,      3,      0,   2911,      0,      0],
        [  1577,    124,      0,      0,      2,      0,    140,      0,      0],
        [    89,     36,      0,      0,      0,      0,      3,      0,      0]],
       dtype=torch.int32)
[('', 0.9450476169586182), ('.', 0.673985481262207), ('?', 0.026277372613549232), ('!', nan), (':', 0.1024390161037445), (';', nan), (',', 0.4863826334476471), ('-', nan), ('...', nan)]
Validation 31
tensor([[26316,   135,     2,     0,     0,     0,   195,     0,     0],
        [  880,  1304,     1,     0,     1,     0,    30,     0,     0],
        [   88,    49,     0,     0,     1,     0,     2,     0,     0],
        [   13,     8,     0,     0,     0,     0,     0,     0,     0],
        [  115,    33,     0,     0,    11,     0,     9,     0,     0],
        [   11,     2,     0,     0,     0,     0,     1,     0,     0],
        [ 1272,    37,     0,     0,     1,     0,   783,     0,     0],
        [  383,    33,     0,     0,     0,     0,    41,     1,     0],
        [   16,     9,     0,     0,     0,     0,     2,     0,     0]],
       dtype=torch.int32)
[('', 0.9442071914672852), ('.', 0.6816518306732178), ('?', nan), ('!', nan), (':', 0.12087912857532501), (';', nan), (',', 0.4961976706981659), ('-', 0.004357298370450735), ('...', nan)]
Training 32
tensor([[107141,    659,      3,      0,      3,      0,    752,      2,      0],
        [  3463,   5140,      5,      0,     13,      0,    105,      0,      0],
        [   364,    274,     14,      0,      0,      0,     15,      0,      0],
        [    56,     39,      1,      0,      0,      0,      2,      0,      0],
        [   557,    132,      0,      0,     54,      0,     18,      0,      0],
        [    59,      3,      0,      0,      0,      0,     15,      0,      0],
        [  4910,    199,      0,      0,      3,      0,   2924,      1,      0],
        [  1586,    116,      0,      0,      1,      0,    136,      4,      0],
        [    84,     38,      0,      0,      0,      0,      6,      0,      0]],
       dtype=torch.int32)
[('', 0.94488924741745), ('.', 0.6707555651664734), ('?', 0.04057971388101578), ('!', nan), (':', 0.12934130430221558), (';', nan), (',', 0.4869275689125061), ('-', 0.004324324429035187), ('...', nan)]
Validation 32
tensor([[26326,   134,     1,     0,     1,     0,   186,     0,     0],
        [  845,  1330,     0,     0,     3,     0,    38,     0,     0],
        [   78,    58,     3,     0,     0,     0,     1,     0,     0],
        [   12,     8,     0,     0,     0,     0,     1,     0,     0],
        [  117,    33,     0,     0,    11,     0,     7,     0,     0],
        [    9,     2,     0,     0,     0,     0,     3,     0,     0],
        [ 1278,    36,     0,     0,     1,     0,   778,     0,     0],
        [  389,    34,     0,     0,     0,     0,    34,     1,     0],
        [   15,    10,     0,     0,     0,     0,     2,     0,     0]],
       dtype=torch.int32)
[('', 0.9449898600578308), ('.', 0.688940703868866), ('?', 0.0416666679084301), ('!', nan), (':', 0.11956522613763809), (';', nan), (',', 0.49506843090057373), ('-', 0.004357298370450735), ('...', nan)]
Training 33
tensor([[107154,    655,      3,      0,      0,      0,    746,      2,      0],
        [  3404,   5193,      2,      0,     10,      0,    116,      1,      0],
        [   358,    273,     12,      0,      0,      0,     24,      0,      0],
        [    58,     38,      0,      0,      0,      0,      2,      0,      0],
        [   544,    125,      0,      0,     71,      0,     21,      0,      0],
        [    61,      3,      0,      0,      1,      0,     12,      0,      0],
        [  4884,    180,      1,      0,      9,      0,   2961,      2,      0],
        [  1584,    113,      1,      0,      3,      0,    139,      3,      0],
        [    87,     37,      0,      0,      0,      0,      4,      0,      0]],
       dtype=torch.int32)
[('', 0.9453625082969666), ('.', 0.6769210696220398), ('?', 0.03498542308807373), ('!', nan), (':', 0.16608187556266785), (';', nan), (',', 0.4909633696079254), ('-', 0.0032414912711828947), ('...', nan)]
Validation 33
tensor([[26317,   136,     0,     0,     0,     0,   195,     0,     0],
        [  829,  1341,     1,     0,     2,     0,    42,     1,     0],
        [   83,    53,     2,     0,     0,     0,     2,     0,     0],
        [   13,     7,     0,     0,     0,     0,     1,     0,     0],
        [  114,    35,     0,     0,    13,     0,     6,     0,     0],
        [   10,     1,     0,     0,     0,     0,     3,     0,     0],
        [ 1286,    46,     0,     0,     1,     0,   758,     2,     0],
        [  386,    29,     0,     0,     0,     0,    40,     3,     0],
        [   16,     8,     0,     0,     0,     0,     3,     0,     0]],
       dtype=torch.int32)
[('', 0.9449211955070496), ('.', 0.6926652789115906), ('?', 0.0279720276594162), ('!', nan), (':', 0.14130434393882751), (';', nan), (',', 0.4823416769504547), ('-', 0.01293103490024805), ('...', nan)]
Training 34
tensor([[107121,    684,      2,      0,      2,      0,    750,      1,      0],
        [  3438,   5153,      6,      0,      9,      0,    117,      3,      0],
        [   346,    282,     22,      0,      0,      0,     17,      0,      0],
        [    54,     42,      1,      0,      0,      0,      1,      0,      0],
        [   541,    132,      0,      0,     67,      0,     21,      0,      0],
        [    65,      3,      0,      0,      0,      0,      9,      0,      0],
        [  4884,    211,      1,      0,      6,      0,   2933,      2,      0],
        [  1573,    114,      0,      0,      1,      0,    152,      3,      0],
        [    87,     35,      2,      0,      0,      0,      4,      0,      0]],
       dtype=torch.int32)
[('', 0.9451755285263062), ('.', 0.6700038909912109), ('?', 0.06276747584342957), ('!', nan), (':', 0.15839244425296783), (';', nan), (',', 0.4871687889099121), ('-', 0.0032397410832345486), ('...', nan)]
Validation 34
tensor([[26307,   139,     1,     0,     0,     0,   198,     3,     0],
        [  841,  1334,     2,     0,     3,     0,    36,     0,     0],
        [   84,    50,     2,     0,     0,     0,     4,     0,     0],
        [   14,     7,     0,     0,     0,     0,     0,     0,     0],
        [  112,    35,     0,     0,    15,     0,     6,     0,     0],
        [    9,     1,     0,     0,     0,     0,     4,     0,     0],
        [ 1286,    39,     0,     0,     1,     0,   766,     1,     0],
        [  377,    37,     0,     0,     1,     0,    41,     2,     0],
        [   15,    10,     0,     0,     0,     0,     2,     0,     0]],
       dtype=torch.int32)
[('', 0.9447147846221924), ('.', 0.6897621750831604), ('?', 0.027586206793785095), ('!', nan), (':', 0.1595744639635086), (';', nan), (',', 0.4863491952419281), ('-', 0.008620689623057842), ('...', nan)]
Training 35
